14:55:40.522 [Test worker] INFO  b.d.j.efurniture.ApplicationTests - Starting ApplicationTests using Java 18.0.2 with PID 24920 (started by Jorge in C:\Projetos\eFurniture)
14:55:40.537 [Test worker] DEBUG b.d.j.efurniture.ApplicationTests - Running with Spring Boot v3.1.3, Spring v6.0.11
14:55:40.538 [Test worker] INFO  b.d.j.efurniture.ApplicationTests - No active profile set, falling back to 1 default profile: "default"
14:55:41.598 [Test worker] INFO  o.s.d.r.c.RepositoryConfigurationDelegate - Multiple Spring Data modules found, entering strict repository configuration mode
14:55:41.600 [Test worker] INFO  o.s.d.r.c.RepositoryConfigurationDelegate - Bootstrapping Spring Data JDBC repositories in DEFAULT mode.
14:55:41.632 [Test worker] INFO  o.s.d.r.c.RepositoryConfigurationDelegate - Finished Spring Data repository scanning in 16 ms. Found 0 JDBC repository interfaces.
14:55:41.640 [Test worker] INFO  o.s.d.r.c.RepositoryConfigurationDelegate - Multiple Spring Data modules found, entering strict repository configuration mode
14:55:41.641 [Test worker] INFO  o.s.d.r.c.RepositoryConfigurationDelegate - Bootstrapping Spring Data JPA repositories in DEFAULT mode.
14:55:41.651 [Test worker] INFO  o.s.d.r.c.RepositoryConfigurationDelegate - Finished Spring Data repository scanning in 4 ms. Found 0 JPA repository interfaces.
14:55:42.455 [Test worker] INFO  o.s.o.j.p.SpringPersistenceUnitInfo - No LoadTimeWeaver setup: ignoring JPA class transformer
14:55:43.075 [Test worker] INFO  o.s.o.j.LocalContainerEntityManagerFactoryBean - Initialized JPA EntityManagerFactory for persistence unit 'default'
14:55:44.126 [Test worker] INFO  o.s.b.a.e.web.EndpointLinksResolver - Exposing 1 endpoint(s) beneath base path '/actuator'
14:55:44.180 [Test worker] INFO  b.d.j.efurniture.ApplicationTests - Started ApplicationTests in 4.47 seconds (process running for 6.618)
14:55:45.501 [SpringApplicationShutdownHook] INFO  o.s.o.j.LocalContainerEntityManagerFactoryBean - Closing JPA EntityManagerFactory for persistence unit 'default'
14:57:14.296 [Test worker] INFO  b.d.j.efurniture.ApplicationTests - Starting ApplicationTests using Java 18.0.2 with PID 20224 (started by Jorge in C:\Projetos\eFurniture)
14:57:14.298 [Test worker] DEBUG b.d.j.efurniture.ApplicationTests - Running with Spring Boot v3.1.3, Spring v6.0.11
14:57:14.298 [Test worker] INFO  b.d.j.efurniture.ApplicationTests - No active profile set, falling back to 1 default profile: "default"
14:57:15.239 [Test worker] INFO  o.s.d.r.c.RepositoryConfigurationDelegate - Multiple Spring Data modules found, entering strict repository configuration mode
14:57:15.241 [Test worker] INFO  o.s.d.r.c.RepositoryConfigurationDelegate - Bootstrapping Spring Data JDBC repositories in DEFAULT mode.
14:57:15.261 [Test worker] INFO  o.s.d.r.c.RepositoryConfigurationDelegate - Finished Spring Data repository scanning in 15 ms. Found 0 JDBC repository interfaces.
14:57:15.269 [Test worker] INFO  o.s.d.r.c.RepositoryConfigurationDelegate - Multiple Spring Data modules found, entering strict repository configuration mode
14:57:15.270 [Test worker] INFO  o.s.d.r.c.RepositoryConfigurationDelegate - Bootstrapping Spring Data JPA repositories in DEFAULT mode.
14:57:15.278 [Test worker] INFO  o.s.d.r.c.RepositoryConfigurationDelegate - Finished Spring Data repository scanning in 4 ms. Found 0 JPA repository interfaces.
14:57:16.062 [Test worker] INFO  o.s.o.j.p.SpringPersistenceUnitInfo - No LoadTimeWeaver setup: ignoring JPA class transformer
14:57:16.648 [Test worker] INFO  o.s.o.j.LocalContainerEntityManagerFactoryBean - Initialized JPA EntityManagerFactory for persistence unit 'default'
14:57:17.609 [Test worker] INFO  o.s.b.a.e.web.EndpointLinksResolver - Exposing 1 endpoint(s) beneath base path '/actuator'
14:57:17.667 [Test worker] INFO  b.d.j.efurniture.ApplicationTests - Started ApplicationTests in 3.819 seconds (process running for 6.733)
14:57:18.671 [SpringApplicationShutdownHook] INFO  o.s.o.j.LocalContainerEntityManagerFactoryBean - Closing JPA EntityManagerFactory for persistence unit 'default'
19:02:09.852 [Test worker] INFO  b.d.j.efurniture.ApplicationTests - Starting ApplicationTests using Java 18.0.2 with PID 21604 (started by Jorge in C:\Projetos\eFurniture)
19:02:09.855 [Test worker] DEBUG b.d.j.efurniture.ApplicationTests - Running with Spring Boot v3.1.3, Spring v6.0.11
19:02:09.856 [Test worker] INFO  b.d.j.efurniture.ApplicationTests - No active profile set, falling back to 1 default profile: "default"
19:02:10.845 [Test worker] INFO  o.s.d.r.c.RepositoryConfigurationDelegate - Multiple Spring Data modules found, entering strict repository configuration mode
19:02:10.847 [Test worker] INFO  o.s.d.r.c.RepositoryConfigurationDelegate - Bootstrapping Spring Data JDBC repositories in DEFAULT mode.
19:02:10.871 [Test worker] INFO  o.s.d.r.c.RepositoryConfigurationDelegate - Finished Spring Data repository scanning in 18 ms. Found 0 JDBC repository interfaces.
19:02:10.879 [Test worker] INFO  o.s.d.r.c.RepositoryConfigurationDelegate - Multiple Spring Data modules found, entering strict repository configuration mode
19:02:10.880 [Test worker] INFO  o.s.d.r.c.RepositoryConfigurationDelegate - Bootstrapping Spring Data JPA repositories in DEFAULT mode.
19:02:10.889 [Test worker] INFO  o.s.d.r.c.RepositoryConfigurationDelegate - Finished Spring Data repository scanning in 4 ms. Found 0 JPA repository interfaces.
19:02:11.707 [Test worker] INFO  o.s.o.j.p.SpringPersistenceUnitInfo - No LoadTimeWeaver setup: ignoring JPA class transformer
19:02:12.315 [Test worker] INFO  o.s.o.j.LocalContainerEntityManagerFactoryBean - Initialized JPA EntityManagerFactory for persistence unit 'default'
19:02:13.388 [Test worker] INFO  o.s.b.a.e.web.EndpointLinksResolver - Exposing 1 endpoint(s) beneath base path '/actuator'
19:02:13.448 [Test worker] INFO  b.d.j.efurniture.ApplicationTests - Started ApplicationTests in 4.221 seconds (process running for 6.518)
19:02:14.436 [Test worker] INFO  b.d.j.e.a.d.marceneiro.Marceneiro - Marceneiro criado: br.dev.jstec.efurniture.application.domain.marceneiro.Marceneiro@4d9a76c6
19:02:14.457 [Test worker] INFO  b.d.j.e.a.d.marceneiro.Marceneiro - Marceneiro criado: br.dev.jstec.efurniture.application.domain.marceneiro.Marceneiro@dacb8e34
19:02:14.947 [SpringApplicationShutdownHook] INFO  o.s.o.j.LocalContainerEntityManagerFactoryBean - Closing JPA EntityManagerFactory for persistence unit 'default'
19:02:43.056 [Test worker] INFO  b.d.j.efurniture.ApplicationTests - Starting ApplicationTests using Java 18.0.2 with PID 19264 (started by Jorge in C:\Projetos\eFurniture)
19:02:43.057 [Test worker] DEBUG b.d.j.efurniture.ApplicationTests - Running with Spring Boot v3.1.3, Spring v6.0.11
19:02:43.058 [Test worker] INFO  b.d.j.efurniture.ApplicationTests - No active profile set, falling back to 1 default profile: "default"
19:02:44.030 [Test worker] INFO  o.s.d.r.c.RepositoryConfigurationDelegate - Multiple Spring Data modules found, entering strict repository configuration mode
19:02:44.032 [Test worker] INFO  o.s.d.r.c.RepositoryConfigurationDelegate - Bootstrapping Spring Data JDBC repositories in DEFAULT mode.
19:02:44.056 [Test worker] INFO  o.s.d.r.c.RepositoryConfigurationDelegate - Finished Spring Data repository scanning in 18 ms. Found 0 JDBC repository interfaces.
19:02:44.066 [Test worker] INFO  o.s.d.r.c.RepositoryConfigurationDelegate - Multiple Spring Data modules found, entering strict repository configuration mode
19:02:44.068 [Test worker] INFO  o.s.d.r.c.RepositoryConfigurationDelegate - Bootstrapping Spring Data JPA repositories in DEFAULT mode.
19:02:44.076 [Test worker] INFO  o.s.d.r.c.RepositoryConfigurationDelegate - Finished Spring Data repository scanning in 5 ms. Found 0 JPA repository interfaces.
19:02:44.926 [Test worker] INFO  o.s.o.j.p.SpringPersistenceUnitInfo - No LoadTimeWeaver setup: ignoring JPA class transformer
19:02:45.563 [Test worker] INFO  o.s.o.j.LocalContainerEntityManagerFactoryBean - Initialized JPA EntityManagerFactory for persistence unit 'default'
19:02:46.590 [Test worker] INFO  o.s.b.a.e.web.EndpointLinksResolver - Exposing 1 endpoint(s) beneath base path '/actuator'
19:02:46.656 [Test worker] INFO  b.d.j.efurniture.ApplicationTests - Started ApplicationTests in 4.119 seconds (process running for 6.781)
19:02:47.621 [Test worker] INFO  b.d.j.e.a.d.marceneiro.Marceneiro - Marceneiro criado: br.dev.jstec.efurniture.application.domain.marceneiro.Marceneiro@260c9948
19:02:47.637 [Test worker] INFO  b.d.j.e.a.d.marceneiro.Marceneiro - Marceneiro criado: br.dev.jstec.efurniture.application.domain.marceneiro.Marceneiro@ce7af3ce
19:02:48.084 [SpringApplicationShutdownHook] INFO  o.s.o.j.LocalContainerEntityManagerFactoryBean - Closing JPA EntityManagerFactory for persistence unit 'default'
19:04:10.522 [Test worker] INFO  b.d.j.efurniture.ApplicationTests - Starting ApplicationTests using Java 18.0.2 with PID 16668 (started by Jorge in C:\Projetos\eFurniture)
19:04:10.524 [Test worker] DEBUG b.d.j.efurniture.ApplicationTests - Running with Spring Boot v3.1.3, Spring v6.0.11
19:04:10.524 [Test worker] INFO  b.d.j.efurniture.ApplicationTests - No active profile set, falling back to 1 default profile: "default"
19:04:11.509 [Test worker] INFO  o.s.d.r.c.RepositoryConfigurationDelegate - Multiple Spring Data modules found, entering strict repository configuration mode
19:04:11.511 [Test worker] INFO  o.s.d.r.c.RepositoryConfigurationDelegate - Bootstrapping Spring Data JDBC repositories in DEFAULT mode.
19:04:11.536 [Test worker] INFO  o.s.d.r.c.RepositoryConfigurationDelegate - Finished Spring Data repository scanning in 19 ms. Found 0 JDBC repository interfaces.
19:04:11.544 [Test worker] INFO  o.s.d.r.c.RepositoryConfigurationDelegate - Multiple Spring Data modules found, entering strict repository configuration mode
19:04:11.545 [Test worker] INFO  o.s.d.r.c.RepositoryConfigurationDelegate - Bootstrapping Spring Data JPA repositories in DEFAULT mode.
19:04:11.554 [Test worker] INFO  o.s.d.r.c.RepositoryConfigurationDelegate - Finished Spring Data repository scanning in 4 ms. Found 0 JPA repository interfaces.
19:04:12.415 [Test worker] INFO  o.s.o.j.p.SpringPersistenceUnitInfo - No LoadTimeWeaver setup: ignoring JPA class transformer
19:04:13.010 [Test worker] INFO  o.s.o.j.LocalContainerEntityManagerFactoryBean - Initialized JPA EntityManagerFactory for persistence unit 'default'
19:04:13.982 [Test worker] INFO  o.s.b.a.e.web.EndpointLinksResolver - Exposing 1 endpoint(s) beneath base path '/actuator'
19:04:14.045 [Test worker] INFO  b.d.j.efurniture.ApplicationTests - Started ApplicationTests in 4.034 seconds (process running for 6.737)
19:04:14.985 [Test worker] INFO  b.d.j.e.a.d.marceneiro.Marceneiro - Marceneiro criado: br.dev.jstec.efurniture.application.domain.marceneiro.Marceneiro@df0e5335
19:04:15.003 [Test worker] INFO  b.d.j.e.a.d.marceneiro.Marceneiro - Marceneiro criado: br.dev.jstec.efurniture.application.domain.marceneiro.Marceneiro@376b809e
19:04:15.432 [SpringApplicationShutdownHook] INFO  o.s.o.j.LocalContainerEntityManagerFactoryBean - Closing JPA EntityManagerFactory for persistence unit 'default'
19:04:33.032 [Test worker] INFO  b.d.j.efurniture.ApplicationTests - Starting ApplicationTests using Java 18.0.2 with PID 19656 (started by Jorge in C:\Projetos\eFurniture)
19:04:33.033 [Test worker] DEBUG b.d.j.efurniture.ApplicationTests - Running with Spring Boot v3.1.3, Spring v6.0.11
19:04:33.034 [Test worker] INFO  b.d.j.efurniture.ApplicationTests - No active profile set, falling back to 1 default profile: "default"
19:04:34.055 [Test worker] INFO  o.s.d.r.c.RepositoryConfigurationDelegate - Multiple Spring Data modules found, entering strict repository configuration mode
19:04:34.057 [Test worker] INFO  o.s.d.r.c.RepositoryConfigurationDelegate - Bootstrapping Spring Data JDBC repositories in DEFAULT mode.
19:04:34.080 [Test worker] INFO  o.s.d.r.c.RepositoryConfigurationDelegate - Finished Spring Data repository scanning in 17 ms. Found 0 JDBC repository interfaces.
19:04:34.088 [Test worker] INFO  o.s.d.r.c.RepositoryConfigurationDelegate - Multiple Spring Data modules found, entering strict repository configuration mode
19:04:34.089 [Test worker] INFO  o.s.d.r.c.RepositoryConfigurationDelegate - Bootstrapping Spring Data JPA repositories in DEFAULT mode.
19:04:34.097 [Test worker] INFO  o.s.d.r.c.RepositoryConfigurationDelegate - Finished Spring Data repository scanning in 4 ms. Found 0 JPA repository interfaces.
19:04:34.941 [Test worker] INFO  o.s.o.j.p.SpringPersistenceUnitInfo - No LoadTimeWeaver setup: ignoring JPA class transformer
19:04:35.572 [Test worker] INFO  o.s.o.j.LocalContainerEntityManagerFactoryBean - Initialized JPA EntityManagerFactory for persistence unit 'default'
19:04:36.557 [Test worker] INFO  o.s.b.a.e.web.EndpointLinksResolver - Exposing 1 endpoint(s) beneath base path '/actuator'
19:04:36.612 [Test worker] INFO  b.d.j.efurniture.ApplicationTests - Started ApplicationTests in 4.115 seconds (process running for 6.749)
19:04:37.518 [Test worker] INFO  b.d.j.e.a.d.marceneiro.Marceneiro - Marceneiro criado: br.dev.jstec.efurniture.application.domain.marceneiro.Marceneiro@a04d6b7a
19:04:37.535 [Test worker] INFO  b.d.j.e.a.d.marceneiro.Marceneiro - Marceneiro criado: br.dev.jstec.efurniture.application.domain.marceneiro.Marceneiro@6d2dd4c2
19:04:37.978 [SpringApplicationShutdownHook] INFO  o.s.o.j.LocalContainerEntityManagerFactoryBean - Closing JPA EntityManagerFactory for persistence unit 'default'
19:07:15.786 [Test worker] INFO  b.d.j.efurniture.ApplicationTests - Starting ApplicationTests using Java 18.0.2 with PID 25472 (started by Jorge in C:\Projetos\eFurniture)
19:07:15.788 [Test worker] DEBUG b.d.j.efurniture.ApplicationTests - Running with Spring Boot v3.1.3, Spring v6.0.11
19:07:15.789 [Test worker] INFO  b.d.j.efurniture.ApplicationTests - No active profile set, falling back to 1 default profile: "default"
19:07:16.737 [Test worker] INFO  o.s.d.r.c.RepositoryConfigurationDelegate - Multiple Spring Data modules found, entering strict repository configuration mode
19:07:16.739 [Test worker] INFO  o.s.d.r.c.RepositoryConfigurationDelegate - Bootstrapping Spring Data JDBC repositories in DEFAULT mode.
19:07:16.762 [Test worker] INFO  o.s.d.r.c.RepositoryConfigurationDelegate - Finished Spring Data repository scanning in 17 ms. Found 0 JDBC repository interfaces.
19:07:16.771 [Test worker] INFO  o.s.d.r.c.RepositoryConfigurationDelegate - Multiple Spring Data modules found, entering strict repository configuration mode
19:07:16.772 [Test worker] INFO  o.s.d.r.c.RepositoryConfigurationDelegate - Bootstrapping Spring Data JPA repositories in DEFAULT mode.
19:07:16.781 [Test worker] INFO  o.s.d.r.c.RepositoryConfigurationDelegate - Finished Spring Data repository scanning in 5 ms. Found 0 JPA repository interfaces.
19:07:17.600 [Test worker] INFO  o.s.o.j.p.SpringPersistenceUnitInfo - No LoadTimeWeaver setup: ignoring JPA class transformer
19:07:18.197 [Test worker] INFO  o.s.o.j.LocalContainerEntityManagerFactoryBean - Initialized JPA EntityManagerFactory for persistence unit 'default'
19:07:19.192 [Test worker] INFO  o.s.b.a.e.web.EndpointLinksResolver - Exposing 1 endpoint(s) beneath base path '/actuator'
19:07:19.249 [Test worker] INFO  b.d.j.efurniture.ApplicationTests - Started ApplicationTests in 4.111 seconds (process running for 6.781)
19:07:20.175 [Test worker] INFO  b.d.j.e.a.d.marceneiro.Marceneiro - Marceneiro criado: br.dev.jstec.efurniture.application.domain.marceneiro.Marceneiro@5f4ecea9
19:07:20.192 [Test worker] INFO  b.d.j.e.a.d.marceneiro.Marceneiro - Marceneiro criado: br.dev.jstec.efurniture.application.domain.marceneiro.Marceneiro@96ebbb56
19:07:20.638 [SpringApplicationShutdownHook] INFO  o.s.o.j.LocalContainerEntityManagerFactoryBean - Closing JPA EntityManagerFactory for persistence unit 'default'
19:10:00.929 [Test worker] INFO  b.d.j.efurniture.ApplicationTests - Starting ApplicationTests using Java 18.0.2 with PID 19248 (started by Jorge in C:\Projetos\eFurniture)
19:10:00.930 [Test worker] DEBUG b.d.j.efurniture.ApplicationTests - Running with Spring Boot v3.1.3, Spring v6.0.11
19:10:00.931 [Test worker] INFO  b.d.j.efurniture.ApplicationTests - No active profile set, falling back to 1 default profile: "default"
19:10:01.897 [Test worker] INFO  o.s.d.r.c.RepositoryConfigurationDelegate - Multiple Spring Data modules found, entering strict repository configuration mode
19:10:01.899 [Test worker] INFO  o.s.d.r.c.RepositoryConfigurationDelegate - Bootstrapping Spring Data JDBC repositories in DEFAULT mode.
19:10:01.922 [Test worker] INFO  o.s.d.r.c.RepositoryConfigurationDelegate - Finished Spring Data repository scanning in 17 ms. Found 0 JDBC repository interfaces.
19:10:01.930 [Test worker] INFO  o.s.d.r.c.RepositoryConfigurationDelegate - Multiple Spring Data modules found, entering strict repository configuration mode
19:10:01.931 [Test worker] INFO  o.s.d.r.c.RepositoryConfigurationDelegate - Bootstrapping Spring Data JPA repositories in DEFAULT mode.
19:10:01.941 [Test worker] INFO  o.s.d.r.c.RepositoryConfigurationDelegate - Finished Spring Data repository scanning in 5 ms. Found 0 JPA repository interfaces.
19:10:02.734 [Test worker] INFO  o.s.o.j.p.SpringPersistenceUnitInfo - No LoadTimeWeaver setup: ignoring JPA class transformer
19:10:03.333 [Test worker] INFO  o.s.o.j.LocalContainerEntityManagerFactoryBean - Initialized JPA EntityManagerFactory for persistence unit 'default'
19:10:04.305 [Test worker] INFO  o.s.b.a.e.web.EndpointLinksResolver - Exposing 1 endpoint(s) beneath base path '/actuator'
19:10:04.361 [Test worker] INFO  b.d.j.efurniture.ApplicationTests - Started ApplicationTests in 3.935 seconds (process running for 6.644)
19:10:05.287 [Test worker] INFO  b.d.j.e.a.d.marceneiro.Marceneiro - Marceneiro criado: br.dev.jstec.efurniture.application.domain.marceneiro.Marceneiro@c421df95
19:10:05.304 [Test worker] INFO  b.d.j.e.a.d.marceneiro.Marceneiro - Marceneiro criado: br.dev.jstec.efurniture.application.domain.marceneiro.Marceneiro@5581ee57
19:10:05.752 [SpringApplicationShutdownHook] INFO  o.s.o.j.LocalContainerEntityManagerFactoryBean - Closing JPA EntityManagerFactory for persistence unit 'default'
19:11:08.951 [Test worker] INFO  b.d.j.efurniture.ApplicationTests - Starting ApplicationTests using Java 18.0.2 with PID 2572 (started by Jorge in C:\Projetos\eFurniture)
19:11:08.952 [Test worker] DEBUG b.d.j.efurniture.ApplicationTests - Running with Spring Boot v3.1.3, Spring v6.0.11
19:11:08.953 [Test worker] INFO  b.d.j.efurniture.ApplicationTests - No active profile set, falling back to 1 default profile: "default"
19:11:09.922 [Test worker] INFO  o.s.d.r.c.RepositoryConfigurationDelegate - Multiple Spring Data modules found, entering strict repository configuration mode
19:11:09.925 [Test worker] INFO  o.s.d.r.c.RepositoryConfigurationDelegate - Bootstrapping Spring Data JDBC repositories in DEFAULT mode.
19:11:09.947 [Test worker] INFO  o.s.d.r.c.RepositoryConfigurationDelegate - Finished Spring Data repository scanning in 17 ms. Found 0 JDBC repository interfaces.
19:11:09.956 [Test worker] INFO  o.s.d.r.c.RepositoryConfigurationDelegate - Multiple Spring Data modules found, entering strict repository configuration mode
19:11:09.957 [Test worker] INFO  o.s.d.r.c.RepositoryConfigurationDelegate - Bootstrapping Spring Data JPA repositories in DEFAULT mode.
19:11:09.966 [Test worker] INFO  o.s.d.r.c.RepositoryConfigurationDelegate - Finished Spring Data repository scanning in 5 ms. Found 0 JPA repository interfaces.
19:11:10.772 [Test worker] INFO  o.s.o.j.p.SpringPersistenceUnitInfo - No LoadTimeWeaver setup: ignoring JPA class transformer
19:11:11.373 [Test worker] INFO  o.s.o.j.LocalContainerEntityManagerFactoryBean - Initialized JPA EntityManagerFactory for persistence unit 'default'
19:11:12.352 [Test worker] INFO  o.s.b.a.e.web.EndpointLinksResolver - Exposing 1 endpoint(s) beneath base path '/actuator'
19:11:12.409 [Test worker] INFO  b.d.j.efurniture.ApplicationTests - Started ApplicationTests in 4.053 seconds (process running for 6.774)
19:11:13.367 [Test worker] INFO  b.d.j.e.a.d.marceneiro.Marceneiro - Marceneiro criado: br.dev.jstec.efurniture.application.domain.marceneiro.Marceneiro@2db800f0
19:11:13.384 [Test worker] INFO  b.d.j.e.a.d.marceneiro.Marceneiro - Marceneiro criado: br.dev.jstec.efurniture.application.domain.marceneiro.Marceneiro@c015d957
19:11:13.827 [SpringApplicationShutdownHook] INFO  o.s.o.j.LocalContainerEntityManagerFactoryBean - Closing JPA EntityManagerFactory for persistence unit 'default'
19:11:29.741 [Test worker] INFO  b.d.j.efurniture.ApplicationTests - Starting ApplicationTests using Java 18.0.2 with PID 956 (started by Jorge in C:\Projetos\eFurniture)
19:11:29.742 [Test worker] DEBUG b.d.j.efurniture.ApplicationTests - Running with Spring Boot v3.1.3, Spring v6.0.11
19:11:29.743 [Test worker] INFO  b.d.j.efurniture.ApplicationTests - No active profile set, falling back to 1 default profile: "default"
19:11:30.786 [Test worker] INFO  o.s.d.r.c.RepositoryConfigurationDelegate - Multiple Spring Data modules found, entering strict repository configuration mode
19:11:30.788 [Test worker] INFO  o.s.d.r.c.RepositoryConfigurationDelegate - Bootstrapping Spring Data JDBC repositories in DEFAULT mode.
19:11:30.812 [Test worker] INFO  o.s.d.r.c.RepositoryConfigurationDelegate - Finished Spring Data repository scanning in 18 ms. Found 0 JDBC repository interfaces.
19:11:30.820 [Test worker] INFO  o.s.d.r.c.RepositoryConfigurationDelegate - Multiple Spring Data modules found, entering strict repository configuration mode
19:11:30.821 [Test worker] INFO  o.s.d.r.c.RepositoryConfigurationDelegate - Bootstrapping Spring Data JPA repositories in DEFAULT mode.
19:11:30.829 [Test worker] INFO  o.s.d.r.c.RepositoryConfigurationDelegate - Finished Spring Data repository scanning in 4 ms. Found 0 JPA repository interfaces.
19:11:31.689 [Test worker] INFO  o.s.o.j.p.SpringPersistenceUnitInfo - No LoadTimeWeaver setup: ignoring JPA class transformer
19:11:32.292 [Test worker] INFO  o.s.o.j.LocalContainerEntityManagerFactoryBean - Initialized JPA EntityManagerFactory for persistence unit 'default'
19:11:33.296 [Test worker] INFO  o.s.b.a.e.web.EndpointLinksResolver - Exposing 1 endpoint(s) beneath base path '/actuator'
19:11:33.356 [Test worker] INFO  b.d.j.efurniture.ApplicationTests - Started ApplicationTests in 4.255 seconds (process running for 6.456)
19:11:34.309 [Test worker] INFO  b.d.j.e.a.d.marceneiro.Marceneiro - Marceneiro criado: br.dev.jstec.efurniture.application.domain.marceneiro.Marceneiro@498927a6
19:11:34.329 [Test worker] INFO  b.d.j.e.a.d.marceneiro.Marceneiro - Marceneiro criado: br.dev.jstec.efurniture.application.domain.marceneiro.Marceneiro@68b0ba73
19:11:34.812 [SpringApplicationShutdownHook] INFO  o.s.o.j.LocalContainerEntityManagerFactoryBean - Closing JPA EntityManagerFactory for persistence unit 'default'
19:12:42.410 [Test worker] INFO  b.d.j.efurniture.ApplicationTests - Starting ApplicationTests using Java 18.0.2 with PID 24528 (started by Jorge in C:\Projetos\eFurniture)
19:12:42.411 [Test worker] DEBUG b.d.j.efurniture.ApplicationTests - Running with Spring Boot v3.1.3, Spring v6.0.11
19:12:42.412 [Test worker] INFO  b.d.j.efurniture.ApplicationTests - No active profile set, falling back to 1 default profile: "default"
19:12:43.430 [Test worker] INFO  o.s.d.r.c.RepositoryConfigurationDelegate - Multiple Spring Data modules found, entering strict repository configuration mode
19:12:43.432 [Test worker] INFO  o.s.d.r.c.RepositoryConfigurationDelegate - Bootstrapping Spring Data JDBC repositories in DEFAULT mode.
19:12:43.456 [Test worker] INFO  o.s.d.r.c.RepositoryConfigurationDelegate - Finished Spring Data repository scanning in 17 ms. Found 0 JDBC repository interfaces.
19:12:43.464 [Test worker] INFO  o.s.d.r.c.RepositoryConfigurationDelegate - Multiple Spring Data modules found, entering strict repository configuration mode
19:12:43.465 [Test worker] INFO  o.s.d.r.c.RepositoryConfigurationDelegate - Bootstrapping Spring Data JPA repositories in DEFAULT mode.
19:12:43.474 [Test worker] INFO  o.s.d.r.c.RepositoryConfigurationDelegate - Finished Spring Data repository scanning in 5 ms. Found 0 JPA repository interfaces.
19:12:44.299 [Test worker] INFO  o.s.o.j.p.SpringPersistenceUnitInfo - No LoadTimeWeaver setup: ignoring JPA class transformer
19:12:44.895 [Test worker] INFO  o.s.o.j.LocalContainerEntityManagerFactoryBean - Initialized JPA EntityManagerFactory for persistence unit 'default'
19:12:45.865 [Test worker] INFO  o.s.b.a.e.web.EndpointLinksResolver - Exposing 1 endpoint(s) beneath base path '/actuator'
19:12:45.920 [Test worker] INFO  b.d.j.efurniture.ApplicationTests - Started ApplicationTests in 4.023 seconds (process running for 6.679)
19:12:46.857 [Test worker] INFO  b.d.j.e.a.d.marceneiro.Marceneiro - Marceneiro criado: br.dev.jstec.efurniture.application.domain.marceneiro.Marceneiro@750e3800
19:12:46.874 [Test worker] INFO  b.d.j.e.a.d.marceneiro.Marceneiro - Marceneiro criado: br.dev.jstec.efurniture.application.domain.marceneiro.Marceneiro@7027ffcb
19:12:47.321 [SpringApplicationShutdownHook] INFO  o.s.o.j.LocalContainerEntityManagerFactoryBean - Closing JPA EntityManagerFactory for persistence unit 'default'
19:22:09.526 [Test worker] INFO  b.d.j.efurniture.ApplicationTests - Starting ApplicationTests using Java 18.0.2 with PID 25076 (started by Jorge in C:\Projetos\eFurniture)
19:22:09.526 [Test worker] DEBUG b.d.j.efurniture.ApplicationTests - Running with Spring Boot v3.1.3, Spring v6.0.11
19:22:09.526 [Test worker] INFO  b.d.j.efurniture.ApplicationTests - No active profile set, falling back to 1 default profile: "default"
19:22:11.307 [Test worker] INFO  o.s.d.r.c.RepositoryConfigurationDelegate - Multiple Spring Data modules found, entering strict repository configuration mode
19:22:11.307 [Test worker] INFO  o.s.d.r.c.RepositoryConfigurationDelegate - Bootstrapping Spring Data JDBC repositories in DEFAULT mode.
19:22:11.344 [Test worker] INFO  o.s.d.r.c.RepositoryConfigurationDelegate - Finished Spring Data repository scanning in 28 ms. Found 0 JDBC repository interfaces.
19:22:11.360 [Test worker] INFO  o.s.d.r.c.RepositoryConfigurationDelegate - Multiple Spring Data modules found, entering strict repository configuration mode
19:22:11.360 [Test worker] INFO  o.s.d.r.c.RepositoryConfigurationDelegate - Bootstrapping Spring Data JPA repositories in DEFAULT mode.
19:22:11.372 [Test worker] INFO  o.s.d.r.c.RepositoryConfigurationDelegate - Finished Spring Data repository scanning in 7 ms. Found 0 JPA repository interfaces.
19:22:12.643 [Test worker] INFO  o.s.o.j.p.SpringPersistenceUnitInfo - No LoadTimeWeaver setup: ignoring JPA class transformer
19:22:13.547 [Test worker] INFO  o.s.o.j.LocalContainerEntityManagerFactoryBean - Initialized JPA EntityManagerFactory for persistence unit 'default'
19:22:14.909 [Test worker] INFO  o.s.b.a.e.web.EndpointLinksResolver - Exposing 1 endpoint(s) beneath base path '/actuator'
19:22:14.971 [Test worker] INFO  b.d.j.efurniture.ApplicationTests - Started ApplicationTests in 6.88 seconds (process running for 11.653)
19:22:16.182 [Test worker] INFO  b.d.j.e.a.d.marceneiro.Marceneiro - Marceneiro criado: br.dev.jstec.efurniture.application.domain.marceneiro.Marceneiro@533d2d7f
19:22:16.217 [Test worker] INFO  b.d.j.e.a.d.marceneiro.Marceneiro - Marceneiro criado: br.dev.jstec.efurniture.application.domain.marceneiro.Marceneiro@59f2d738
19:22:16.722 [SpringApplicationShutdownHook] INFO  o.s.o.j.LocalContainerEntityManagerFactoryBean - Closing JPA EntityManagerFactory for persistence unit 'default'
19:27:37.163 [Test worker] INFO  b.d.j.efurniture.ApplicationTests - Starting ApplicationTests using Java 18.0.2 with PID 24736 (started by Jorge in C:\Projetos\eFurniture)
19:27:37.164 [Test worker] DEBUG b.d.j.efurniture.ApplicationTests - Running with Spring Boot v3.1.3, Spring v6.0.11
19:27:37.165 [Test worker] INFO  b.d.j.efurniture.ApplicationTests - No active profile set, falling back to 1 default profile: "default"
19:27:38.100 [Test worker] INFO  o.s.d.r.c.RepositoryConfigurationDelegate - Multiple Spring Data modules found, entering strict repository configuration mode
19:27:38.102 [Test worker] INFO  o.s.d.r.c.RepositoryConfigurationDelegate - Bootstrapping Spring Data JDBC repositories in DEFAULT mode.
19:27:38.126 [Test worker] INFO  o.s.d.r.c.RepositoryConfigurationDelegate - Finished Spring Data repository scanning in 19 ms. Found 0 JDBC repository interfaces.
19:27:38.135 [Test worker] INFO  o.s.d.r.c.RepositoryConfigurationDelegate - Multiple Spring Data modules found, entering strict repository configuration mode
19:27:38.136 [Test worker] INFO  o.s.d.r.c.RepositoryConfigurationDelegate - Bootstrapping Spring Data JPA repositories in DEFAULT mode.
19:27:38.145 [Test worker] INFO  o.s.d.r.c.RepositoryConfigurationDelegate - Finished Spring Data repository scanning in 5 ms. Found 0 JPA repository interfaces.
19:27:38.965 [Test worker] INFO  o.s.o.j.p.SpringPersistenceUnitInfo - No LoadTimeWeaver setup: ignoring JPA class transformer
19:27:39.588 [Test worker] INFO  o.s.o.j.LocalContainerEntityManagerFactoryBean - Initialized JPA EntityManagerFactory for persistence unit 'default'
19:27:40.593 [Test worker] INFO  o.s.b.a.e.web.EndpointLinksResolver - Exposing 1 endpoint(s) beneath base path '/actuator'
19:27:40.647 [Test worker] INFO  b.d.j.efurniture.ApplicationTests - Started ApplicationTests in 3.961 seconds (process running for 6.673)
19:27:41.559 [Test worker] INFO  b.d.j.e.a.d.marceneiro.Marceneiro - Marceneiro criado: br.dev.jstec.efurniture.application.domain.marceneiro.Marceneiro@4c205891
19:27:41.979 [SpringApplicationShutdownHook] INFO  o.s.o.j.LocalContainerEntityManagerFactoryBean - Closing JPA EntityManagerFactory for persistence unit 'default'
19:30:53.358 [Test worker] INFO  b.d.j.efurniture.ApplicationTests - Starting ApplicationTests using Java 18.0.2 with PID 23636 (started by Jorge in C:\Projetos\eFurniture)
19:30:53.360 [Test worker] DEBUG b.d.j.efurniture.ApplicationTests - Running with Spring Boot v3.1.3, Spring v6.0.11
19:30:53.360 [Test worker] INFO  b.d.j.efurniture.ApplicationTests - No active profile set, falling back to 1 default profile: "default"
19:30:54.290 [Test worker] INFO  o.s.d.r.c.RepositoryConfigurationDelegate - Multiple Spring Data modules found, entering strict repository configuration mode
19:30:54.292 [Test worker] INFO  o.s.d.r.c.RepositoryConfigurationDelegate - Bootstrapping Spring Data JDBC repositories in DEFAULT mode.
19:30:54.315 [Test worker] INFO  o.s.d.r.c.RepositoryConfigurationDelegate - Finished Spring Data repository scanning in 17 ms. Found 0 JDBC repository interfaces.
19:30:54.322 [Test worker] INFO  o.s.d.r.c.RepositoryConfigurationDelegate - Multiple Spring Data modules found, entering strict repository configuration mode
19:30:54.323 [Test worker] INFO  o.s.d.r.c.RepositoryConfigurationDelegate - Bootstrapping Spring Data JPA repositories in DEFAULT mode.
19:30:54.331 [Test worker] INFO  o.s.d.r.c.RepositoryConfigurationDelegate - Finished Spring Data repository scanning in 4 ms. Found 0 JPA repository interfaces.
19:30:55.100 [Test worker] INFO  o.s.o.j.p.SpringPersistenceUnitInfo - No LoadTimeWeaver setup: ignoring JPA class transformer
19:30:55.705 [Test worker] INFO  o.s.o.j.LocalContainerEntityManagerFactoryBean - Initialized JPA EntityManagerFactory for persistence unit 'default'
19:30:56.647 [Test worker] INFO  o.s.b.a.e.web.EndpointLinksResolver - Exposing 1 endpoint(s) beneath base path '/actuator'
19:30:56.701 [Test worker] INFO  b.d.j.efurniture.ApplicationTests - Started ApplicationTests in 3.826 seconds (process running for 6.93)
19:30:57.866 [SpringApplicationShutdownHook] INFO  o.s.o.j.LocalContainerEntityManagerFactoryBean - Closing JPA EntityManagerFactory for persistence unit 'default'
19:39:04.964 [Test worker] INFO  b.d.j.efurniture.ApplicationTests - Starting ApplicationTests using Java 18.0.2 with PID 24568 (started by Jorge in C:\Projetos\eFurniture)
19:39:04.966 [Test worker] DEBUG b.d.j.efurniture.ApplicationTests - Running with Spring Boot v3.1.3, Spring v6.0.11
19:39:04.967 [Test worker] INFO  b.d.j.efurniture.ApplicationTests - No active profile set, falling back to 1 default profile: "default"
19:39:05.952 [Test worker] INFO  o.s.d.r.c.RepositoryConfigurationDelegate - Multiple Spring Data modules found, entering strict repository configuration mode
19:39:05.954 [Test worker] INFO  o.s.d.r.c.RepositoryConfigurationDelegate - Bootstrapping Spring Data JDBC repositories in DEFAULT mode.
19:39:05.976 [Test worker] INFO  o.s.d.r.c.RepositoryConfigurationDelegate - Finished Spring Data repository scanning in 16 ms. Found 0 JDBC repository interfaces.
19:39:05.984 [Test worker] INFO  o.s.d.r.c.RepositoryConfigurationDelegate - Multiple Spring Data modules found, entering strict repository configuration mode
19:39:05.985 [Test worker] INFO  o.s.d.r.c.RepositoryConfigurationDelegate - Bootstrapping Spring Data JPA repositories in DEFAULT mode.
19:39:05.993 [Test worker] INFO  o.s.d.r.c.RepositoryConfigurationDelegate - Finished Spring Data repository scanning in 4 ms. Found 0 JPA repository interfaces.
19:39:06.808 [Test worker] INFO  o.s.o.j.p.SpringPersistenceUnitInfo - No LoadTimeWeaver setup: ignoring JPA class transformer
19:39:07.409 [Test worker] INFO  o.s.o.j.LocalContainerEntityManagerFactoryBean - Initialized JPA EntityManagerFactory for persistence unit 'default'
19:39:08.436 [Test worker] INFO  o.s.b.a.e.web.EndpointLinksResolver - Exposing 1 endpoint(s) beneath base path '/actuator'
19:39:08.488 [Test worker] INFO  b.d.j.efurniture.ApplicationTests - Started ApplicationTests in 4.119 seconds (process running for 6.344)
19:39:09.410 [Test worker] INFO  b.d.j.e.a.d.marceneiro.Marceneiro - Marceneiro criado: br.dev.jstec.efurniture.application.domain.marceneiro.Marceneiro@2f92b012
19:39:09.426 [Test worker] INFO  b.d.j.e.a.d.marceneiro.Marceneiro - Marceneiro criado: br.dev.jstec.efurniture.application.domain.marceneiro.Marceneiro@390aa848
19:39:09.862 [SpringApplicationShutdownHook] INFO  o.s.o.j.LocalContainerEntityManagerFactoryBean - Closing JPA EntityManagerFactory for persistence unit 'default'
19:40:09.050 [Test worker] INFO  b.d.j.efurniture.ApplicationTests - Starting ApplicationTests using Java 18.0.2 with PID 16204 (started by Jorge in C:\Projetos\eFurniture)
19:40:09.054 [Test worker] DEBUG b.d.j.efurniture.ApplicationTests - Running with Spring Boot v3.1.3, Spring v6.0.11
19:40:09.055 [Test worker] INFO  b.d.j.efurniture.ApplicationTests - No active profile set, falling back to 1 default profile: "default"
19:40:10.110 [Test worker] INFO  o.s.d.r.c.RepositoryConfigurationDelegate - Multiple Spring Data modules found, entering strict repository configuration mode
19:40:10.112 [Test worker] INFO  o.s.d.r.c.RepositoryConfigurationDelegate - Bootstrapping Spring Data JDBC repositories in DEFAULT mode.
19:40:10.134 [Test worker] INFO  o.s.d.r.c.RepositoryConfigurationDelegate - Finished Spring Data repository scanning in 17 ms. Found 0 JDBC repository interfaces.
19:40:10.142 [Test worker] INFO  o.s.d.r.c.RepositoryConfigurationDelegate - Multiple Spring Data modules found, entering strict repository configuration mode
19:40:10.143 [Test worker] INFO  o.s.d.r.c.RepositoryConfigurationDelegate - Bootstrapping Spring Data JPA repositories in DEFAULT mode.
19:40:10.151 [Test worker] INFO  o.s.d.r.c.RepositoryConfigurationDelegate - Finished Spring Data repository scanning in 4 ms. Found 0 JPA repository interfaces.
19:40:10.934 [Test worker] INFO  o.s.o.j.p.SpringPersistenceUnitInfo - No LoadTimeWeaver setup: ignoring JPA class transformer
19:40:11.543 [Test worker] INFO  o.s.o.j.LocalContainerEntityManagerFactoryBean - Initialized JPA EntityManagerFactory for persistence unit 'default'
19:40:12.554 [Test worker] INFO  o.s.b.a.e.web.EndpointLinksResolver - Exposing 1 endpoint(s) beneath base path '/actuator'
19:40:12.608 [Test worker] INFO  b.d.j.efurniture.ApplicationTests - Started ApplicationTests in 4.426 seconds (process running for 6.595)
19:40:13.560 [Test worker] INFO  b.d.j.e.a.d.marceneiro.Marceneiro - Marceneiro criado: br.dev.jstec.efurniture.application.domain.marceneiro.Marceneiro@2677d62c
19:40:13.576 [Test worker] INFO  b.d.j.e.a.d.marceneiro.Marceneiro - Marceneiro criado: br.dev.jstec.efurniture.application.domain.marceneiro.Marceneiro@99b58cf1
19:40:14.014 [SpringApplicationShutdownHook] INFO  o.s.o.j.LocalContainerEntityManagerFactoryBean - Closing JPA EntityManagerFactory for persistence unit 'default'
19:43:07.432 [Test worker] INFO  b.d.j.efurniture.ApplicationTests - Starting ApplicationTests using Java 18.0.2 with PID 22192 (started by Jorge in C:\Projetos\eFurniture)
19:43:07.433 [Test worker] DEBUG b.d.j.efurniture.ApplicationTests - Running with Spring Boot v3.1.3, Spring v6.0.11
19:43:07.434 [Test worker] INFO  b.d.j.efurniture.ApplicationTests - No active profile set, falling back to 1 default profile: "default"
19:43:08.470 [Test worker] INFO  o.s.d.r.c.RepositoryConfigurationDelegate - Multiple Spring Data modules found, entering strict repository configuration mode
19:43:08.472 [Test worker] INFO  o.s.d.r.c.RepositoryConfigurationDelegate - Bootstrapping Spring Data JDBC repositories in DEFAULT mode.
19:43:08.495 [Test worker] INFO  o.s.d.r.c.RepositoryConfigurationDelegate - Finished Spring Data repository scanning in 17 ms. Found 0 JDBC repository interfaces.
19:43:08.503 [Test worker] INFO  o.s.d.r.c.RepositoryConfigurationDelegate - Multiple Spring Data modules found, entering strict repository configuration mode
19:43:08.504 [Test worker] INFO  o.s.d.r.c.RepositoryConfigurationDelegate - Bootstrapping Spring Data JPA repositories in DEFAULT mode.
19:43:08.512 [Test worker] INFO  o.s.d.r.c.RepositoryConfigurationDelegate - Finished Spring Data repository scanning in 4 ms. Found 0 JPA repository interfaces.
19:43:09.337 [Test worker] INFO  o.s.o.j.p.SpringPersistenceUnitInfo - No LoadTimeWeaver setup: ignoring JPA class transformer
19:43:09.931 [Test worker] INFO  o.s.o.j.LocalContainerEntityManagerFactoryBean - Initialized JPA EntityManagerFactory for persistence unit 'default'
19:43:10.931 [Test worker] INFO  o.s.b.a.e.web.EndpointLinksResolver - Exposing 1 endpoint(s) beneath base path '/actuator'
19:43:10.991 [Test worker] INFO  b.d.j.efurniture.ApplicationTests - Started ApplicationTests in 4.138 seconds (process running for 6.343)
19:43:11.948 [Test worker] INFO  b.d.j.e.a.d.marceneiro.Marceneiro - Marceneiro criado: br.dev.jstec.efurniture.application.domain.marceneiro.Marceneiro@13016d31
19:43:11.964 [Test worker] INFO  b.d.j.e.a.d.marceneiro.Marceneiro - Marceneiro criado: br.dev.jstec.efurniture.application.domain.marceneiro.Marceneiro@cae98fc2
19:43:12.382 [SpringApplicationShutdownHook] INFO  o.s.o.j.LocalContainerEntityManagerFactoryBean - Closing JPA EntityManagerFactory for persistence unit 'default'
19:46:15.144 [Test worker] INFO  b.d.j.efurniture.ApplicationTests - Starting ApplicationTests using Java 18.0.2 with PID 22360 (started by Jorge in C:\Projetos\eFurniture)
19:46:15.146 [Test worker] DEBUG b.d.j.efurniture.ApplicationTests - Running with Spring Boot v3.1.3, Spring v6.0.11
19:46:15.147 [Test worker] INFO  b.d.j.efurniture.ApplicationTests - No active profile set, falling back to 1 default profile: "default"
19:46:16.077 [Test worker] INFO  o.s.d.r.c.RepositoryConfigurationDelegate - Multiple Spring Data modules found, entering strict repository configuration mode
19:46:16.079 [Test worker] INFO  o.s.d.r.c.RepositoryConfigurationDelegate - Bootstrapping Spring Data JDBC repositories in DEFAULT mode.
19:46:16.100 [Test worker] INFO  o.s.d.r.c.RepositoryConfigurationDelegate - Finished Spring Data repository scanning in 16 ms. Found 0 JDBC repository interfaces.
19:46:16.109 [Test worker] INFO  o.s.d.r.c.RepositoryConfigurationDelegate - Multiple Spring Data modules found, entering strict repository configuration mode
19:46:16.111 [Test worker] INFO  o.s.d.r.c.RepositoryConfigurationDelegate - Bootstrapping Spring Data JPA repositories in DEFAULT mode.
19:46:16.120 [Test worker] INFO  o.s.d.r.c.RepositoryConfigurationDelegate - Finished Spring Data repository scanning in 5 ms. Found 0 JPA repository interfaces.
19:46:16.923 [Test worker] INFO  o.s.o.j.p.SpringPersistenceUnitInfo - No LoadTimeWeaver setup: ignoring JPA class transformer
19:46:17.544 [Test worker] INFO  o.s.o.j.LocalContainerEntityManagerFactoryBean - Initialized JPA EntityManagerFactory for persistence unit 'default'
19:46:18.572 [Test worker] INFO  o.s.b.a.e.web.EndpointLinksResolver - Exposing 1 endpoint(s) beneath base path '/actuator'
19:46:18.624 [Test worker] INFO  b.d.j.efurniture.ApplicationTests - Started ApplicationTests in 4.085 seconds (process running for 6.331)
19:46:19.535 [Test worker] INFO  b.d.j.e.a.d.marceneiro.Marceneiro - Marceneiro criado: br.dev.jstec.efurniture.application.domain.marceneiro.Marceneiro@8e06eaa
19:46:19.550 [Test worker] INFO  b.d.j.e.a.d.marceneiro.Marceneiro - Marceneiro criado: br.dev.jstec.efurniture.application.domain.marceneiro.Marceneiro@b4f6ab76
19:46:19.977 [SpringApplicationShutdownHook] INFO  o.s.o.j.LocalContainerEntityManagerFactoryBean - Closing JPA EntityManagerFactory for persistence unit 'default'
19:47:15.919 [Test worker] INFO  b.d.j.efurniture.ApplicationTests - Starting ApplicationTests using Java 18.0.2 with PID 2072 (started by Jorge in C:\Projetos\eFurniture)
19:47:15.920 [Test worker] DEBUG b.d.j.efurniture.ApplicationTests - Running with Spring Boot v3.1.3, Spring v6.0.11
19:47:15.921 [Test worker] INFO  b.d.j.efurniture.ApplicationTests - No active profile set, falling back to 1 default profile: "default"
19:47:16.940 [Test worker] INFO  o.s.d.r.c.RepositoryConfigurationDelegate - Multiple Spring Data modules found, entering strict repository configuration mode
19:47:16.942 [Test worker] INFO  o.s.d.r.c.RepositoryConfigurationDelegate - Bootstrapping Spring Data JDBC repositories in DEFAULT mode.
19:47:16.963 [Test worker] INFO  o.s.d.r.c.RepositoryConfigurationDelegate - Finished Spring Data repository scanning in 16 ms. Found 0 JDBC repository interfaces.
19:47:16.971 [Test worker] INFO  o.s.d.r.c.RepositoryConfigurationDelegate - Multiple Spring Data modules found, entering strict repository configuration mode
19:47:16.972 [Test worker] INFO  o.s.d.r.c.RepositoryConfigurationDelegate - Bootstrapping Spring Data JPA repositories in DEFAULT mode.
19:47:16.981 [Test worker] INFO  o.s.d.r.c.RepositoryConfigurationDelegate - Finished Spring Data repository scanning in 4 ms. Found 0 JPA repository interfaces.
19:47:17.790 [Test worker] INFO  o.s.o.j.p.SpringPersistenceUnitInfo - No LoadTimeWeaver setup: ignoring JPA class transformer
19:47:18.394 [Test worker] INFO  o.s.o.j.LocalContainerEntityManagerFactoryBean - Initialized JPA EntityManagerFactory for persistence unit 'default'
19:47:19.387 [Test worker] INFO  o.s.b.a.e.web.EndpointLinksResolver - Exposing 1 endpoint(s) beneath base path '/actuator'
19:47:19.441 [Test worker] INFO  b.d.j.efurniture.ApplicationTests - Started ApplicationTests in 4.106 seconds (process running for 6.378)
19:47:20.334 [Test worker] INFO  b.d.j.e.a.d.marceneiro.Marceneiro - Marceneiro criado: br.dev.jstec.efurniture.application.domain.marceneiro.Marceneiro@77c8929b
19:47:20.350 [Test worker] INFO  b.d.j.e.a.d.marceneiro.Marceneiro - Marceneiro criado: br.dev.jstec.efurniture.application.domain.marceneiro.Marceneiro@a03d433b
19:47:20.795 [SpringApplicationShutdownHook] INFO  o.s.o.j.LocalContainerEntityManagerFactoryBean - Closing JPA EntityManagerFactory for persistence unit 'default'
19:48:15.795 [Test worker] INFO  b.d.j.efurniture.ApplicationTests - Starting ApplicationTests using Java 18.0.2 with PID 9132 (started by Jorge in C:\Projetos\eFurniture)
19:48:15.797 [Test worker] DEBUG b.d.j.efurniture.ApplicationTests - Running with Spring Boot v3.1.3, Spring v6.0.11
19:48:15.797 [Test worker] INFO  b.d.j.efurniture.ApplicationTests - No active profile set, falling back to 1 default profile: "default"
19:48:16.769 [Test worker] INFO  o.s.d.r.c.RepositoryConfigurationDelegate - Multiple Spring Data modules found, entering strict repository configuration mode
19:48:16.771 [Test worker] INFO  o.s.d.r.c.RepositoryConfigurationDelegate - Bootstrapping Spring Data JDBC repositories in DEFAULT mode.
19:48:16.793 [Test worker] INFO  o.s.d.r.c.RepositoryConfigurationDelegate - Finished Spring Data repository scanning in 17 ms. Found 0 JDBC repository interfaces.
19:48:16.801 [Test worker] INFO  o.s.d.r.c.RepositoryConfigurationDelegate - Multiple Spring Data modules found, entering strict repository configuration mode
19:48:16.802 [Test worker] INFO  o.s.d.r.c.RepositoryConfigurationDelegate - Bootstrapping Spring Data JPA repositories in DEFAULT mode.
19:48:16.811 [Test worker] INFO  o.s.d.r.c.RepositoryConfigurationDelegate - Finished Spring Data repository scanning in 4 ms. Found 0 JPA repository interfaces.
19:48:17.579 [Test worker] INFO  o.s.o.j.p.SpringPersistenceUnitInfo - No LoadTimeWeaver setup: ignoring JPA class transformer
19:48:18.180 [Test worker] INFO  o.s.o.j.LocalContainerEntityManagerFactoryBean - Initialized JPA EntityManagerFactory for persistence unit 'default'
19:48:19.154 [Test worker] INFO  o.s.b.a.e.web.EndpointLinksResolver - Exposing 1 endpoint(s) beneath base path '/actuator'
19:48:19.216 [Test worker] INFO  b.d.j.efurniture.ApplicationTests - Started ApplicationTests in 3.911 seconds (process running for 6.662)
19:48:20.013 [Test worker] INFO  b.d.j.e.a.d.marceneiro.Marceneiro - Marceneiro criado: br.dev.jstec.efurniture.application.domain.marceneiro.Marceneiro@74af435b
19:48:20.031 [Test worker] INFO  b.d.j.e.a.d.marceneiro.Marceneiro - Marceneiro criado: br.dev.jstec.efurniture.application.domain.marceneiro.Marceneiro@c786d5ce
19:48:20.487 [SpringApplicationShutdownHook] INFO  o.s.o.j.LocalContainerEntityManagerFactoryBean - Closing JPA EntityManagerFactory for persistence unit 'default'
19:49:27.722 [Test worker] INFO  b.d.j.efurniture.ApplicationTests - Starting ApplicationTests using Java 18.0.2 with PID 19664 (started by Jorge in C:\Projetos\eFurniture)
19:49:27.723 [Test worker] DEBUG b.d.j.efurniture.ApplicationTests - Running with Spring Boot v3.1.3, Spring v6.0.11
19:49:27.724 [Test worker] INFO  b.d.j.efurniture.ApplicationTests - No active profile set, falling back to 1 default profile: "default"
19:49:28.720 [Test worker] INFO  o.s.d.r.c.RepositoryConfigurationDelegate - Multiple Spring Data modules found, entering strict repository configuration mode
19:49:28.721 [Test worker] INFO  o.s.d.r.c.RepositoryConfigurationDelegate - Bootstrapping Spring Data JDBC repositories in DEFAULT mode.
19:49:28.745 [Test worker] INFO  o.s.d.r.c.RepositoryConfigurationDelegate - Finished Spring Data repository scanning in 18 ms. Found 0 JDBC repository interfaces.
19:49:28.753 [Test worker] INFO  o.s.d.r.c.RepositoryConfigurationDelegate - Multiple Spring Data modules found, entering strict repository configuration mode
19:49:28.754 [Test worker] INFO  o.s.d.r.c.RepositoryConfigurationDelegate - Bootstrapping Spring Data JPA repositories in DEFAULT mode.
19:49:28.762 [Test worker] INFO  o.s.d.r.c.RepositoryConfigurationDelegate - Finished Spring Data repository scanning in 4 ms. Found 0 JPA repository interfaces.
19:49:29.610 [Test worker] INFO  o.s.o.j.p.SpringPersistenceUnitInfo - No LoadTimeWeaver setup: ignoring JPA class transformer
19:49:30.197 [Test worker] INFO  o.s.o.j.LocalContainerEntityManagerFactoryBean - Initialized JPA EntityManagerFactory for persistence unit 'default'
19:49:31.155 [Test worker] INFO  o.s.b.a.e.web.EndpointLinksResolver - Exposing 1 endpoint(s) beneath base path '/actuator'
19:49:31.210 [Test worker] INFO  b.d.j.efurniture.ApplicationTests - Started ApplicationTests in 3.953 seconds (process running for 6.723)
19:49:32.001 [Test worker] INFO  b.d.j.e.a.d.marceneiro.Marceneiro - Marceneiro criado: br.dev.jstec.efurniture.application.domain.marceneiro.Marceneiro@f235a5b
19:49:32.018 [Test worker] INFO  b.d.j.e.a.d.marceneiro.Marceneiro - Marceneiro criado: br.dev.jstec.efurniture.application.domain.marceneiro.Marceneiro@6dcf0851
19:49:32.453 [SpringApplicationShutdownHook] INFO  o.s.o.j.LocalContainerEntityManagerFactoryBean - Closing JPA EntityManagerFactory for persistence unit 'default'
19:54:15.827 [Test worker] INFO  b.d.j.efurniture.ApplicationTests - Starting ApplicationTests using Java 18.0.2 with PID 8556 (started by Jorge in C:\Projetos\eFurniture)
19:54:15.829 [Test worker] DEBUG b.d.j.efurniture.ApplicationTests - Running with Spring Boot v3.1.3, Spring v6.0.11
19:54:15.829 [Test worker] INFO  b.d.j.efurniture.ApplicationTests - No active profile set, falling back to 1 default profile: "default"
19:54:16.767 [Test worker] INFO  o.s.d.r.c.RepositoryConfigurationDelegate - Multiple Spring Data modules found, entering strict repository configuration mode
19:54:16.768 [Test worker] INFO  o.s.d.r.c.RepositoryConfigurationDelegate - Bootstrapping Spring Data JDBC repositories in DEFAULT mode.
19:54:16.790 [Test worker] INFO  o.s.d.r.c.RepositoryConfigurationDelegate - Finished Spring Data repository scanning in 16 ms. Found 0 JDBC repository interfaces.
19:54:16.798 [Test worker] INFO  o.s.d.r.c.RepositoryConfigurationDelegate - Multiple Spring Data modules found, entering strict repository configuration mode
19:54:16.799 [Test worker] INFO  o.s.d.r.c.RepositoryConfigurationDelegate - Bootstrapping Spring Data JPA repositories in DEFAULT mode.
19:54:16.807 [Test worker] INFO  o.s.d.r.c.RepositoryConfigurationDelegate - Finished Spring Data repository scanning in 4 ms. Found 0 JPA repository interfaces.
19:54:17.587 [Test worker] INFO  o.s.o.j.p.SpringPersistenceUnitInfo - No LoadTimeWeaver setup: ignoring JPA class transformer
19:54:18.214 [Test worker] INFO  o.s.o.j.LocalContainerEntityManagerFactoryBean - Initialized JPA EntityManagerFactory for persistence unit 'default'
19:54:19.196 [Test worker] INFO  o.s.b.a.e.web.EndpointLinksResolver - Exposing 1 endpoint(s) beneath base path '/actuator'
19:54:19.259 [Test worker] INFO  b.d.j.efurniture.ApplicationTests - Started ApplicationTests in 3.93 seconds (process running for 6.923)
19:54:23.772 [SpringApplicationShutdownHook] INFO  o.s.o.j.LocalContainerEntityManagerFactoryBean - Closing JPA EntityManagerFactory for persistence unit 'default'
19:56:36.081 [Test worker] INFO  b.d.j.efurniture.ApplicationTests - Starting ApplicationTests using Java 18.0.2 with PID 20584 (started by Jorge in C:\Projetos\eFurniture)
19:56:36.082 [Test worker] DEBUG b.d.j.efurniture.ApplicationTests - Running with Spring Boot v3.1.3, Spring v6.0.11
19:56:36.083 [Test worker] INFO  b.d.j.efurniture.ApplicationTests - No active profile set, falling back to 1 default profile: "default"
19:56:37.018 [Test worker] INFO  o.s.d.r.c.RepositoryConfigurationDelegate - Multiple Spring Data modules found, entering strict repository configuration mode
19:56:37.020 [Test worker] INFO  o.s.d.r.c.RepositoryConfigurationDelegate - Bootstrapping Spring Data JDBC repositories in DEFAULT mode.
19:56:37.043 [Test worker] INFO  o.s.d.r.c.RepositoryConfigurationDelegate - Finished Spring Data repository scanning in 17 ms. Found 0 JDBC repository interfaces.
19:56:37.050 [Test worker] INFO  o.s.d.r.c.RepositoryConfigurationDelegate - Multiple Spring Data modules found, entering strict repository configuration mode
19:56:37.051 [Test worker] INFO  o.s.d.r.c.RepositoryConfigurationDelegate - Bootstrapping Spring Data JPA repositories in DEFAULT mode.
19:56:37.059 [Test worker] INFO  o.s.d.r.c.RepositoryConfigurationDelegate - Finished Spring Data repository scanning in 4 ms. Found 0 JPA repository interfaces.
19:56:37.816 [Test worker] INFO  o.s.o.j.p.SpringPersistenceUnitInfo - No LoadTimeWeaver setup: ignoring JPA class transformer
19:56:38.412 [Test worker] INFO  o.s.o.j.LocalContainerEntityManagerFactoryBean - Initialized JPA EntityManagerFactory for persistence unit 'default'
19:56:39.369 [Test worker] INFO  o.s.b.a.e.web.EndpointLinksResolver - Exposing 1 endpoint(s) beneath base path '/actuator'
19:56:39.426 [Test worker] INFO  b.d.j.efurniture.ApplicationTests - Started ApplicationTests in 3.782 seconds (process running for 6.715)
19:56:40.559 [SpringApplicationShutdownHook] INFO  o.s.o.j.LocalContainerEntityManagerFactoryBean - Closing JPA EntityManagerFactory for persistence unit 'default'
19:59:16.073 [Test worker] INFO  b.d.j.efurniture.ApplicationTests - Starting ApplicationTests using Java 18.0.2 with PID 9888 (started by Jorge in C:\Projetos\eFurniture)
19:59:16.075 [Test worker] DEBUG b.d.j.efurniture.ApplicationTests - Running with Spring Boot v3.1.3, Spring v6.0.11
19:59:16.076 [Test worker] INFO  b.d.j.efurniture.ApplicationTests - No active profile set, falling back to 1 default profile: "default"
19:59:17.034 [Test worker] INFO  o.s.d.r.c.RepositoryConfigurationDelegate - Multiple Spring Data modules found, entering strict repository configuration mode
19:59:17.036 [Test worker] INFO  o.s.d.r.c.RepositoryConfigurationDelegate - Bootstrapping Spring Data JDBC repositories in DEFAULT mode.
19:59:17.062 [Test worker] INFO  o.s.d.r.c.RepositoryConfigurationDelegate - Finished Spring Data repository scanning in 20 ms. Found 0 JDBC repository interfaces.
19:59:17.070 [Test worker] INFO  o.s.d.r.c.RepositoryConfigurationDelegate - Multiple Spring Data modules found, entering strict repository configuration mode
19:59:17.071 [Test worker] INFO  o.s.d.r.c.RepositoryConfigurationDelegate - Bootstrapping Spring Data JPA repositories in DEFAULT mode.
19:59:17.079 [Test worker] INFO  o.s.d.r.c.RepositoryConfigurationDelegate - Finished Spring Data repository scanning in 4 ms. Found 0 JPA repository interfaces.
19:59:17.904 [Test worker] INFO  o.s.o.j.p.SpringPersistenceUnitInfo - No LoadTimeWeaver setup: ignoring JPA class transformer
19:59:18.489 [Test worker] INFO  o.s.o.j.LocalContainerEntityManagerFactoryBean - Initialized JPA EntityManagerFactory for persistence unit 'default'
19:59:19.475 [Test worker] INFO  o.s.b.a.e.web.EndpointLinksResolver - Exposing 1 endpoint(s) beneath base path '/actuator'
19:59:19.530 [Test worker] INFO  b.d.j.efurniture.ApplicationTests - Started ApplicationTests in 3.993 seconds (process running for 7.031)
19:59:20.331 [Test worker] INFO  b.d.j.e.a.d.marceneiro.Marceneiro - Marceneiro criado: br.dev.jstec.efurniture.application.domain.marceneiro.Marceneiro@2ccb4ae4
19:59:20.346 [Test worker] INFO  b.d.j.e.a.d.marceneiro.Marceneiro - Marceneiro criado: br.dev.jstec.efurniture.application.domain.marceneiro.Marceneiro@7dc83ec4
19:59:20.763 [SpringApplicationShutdownHook] INFO  o.s.o.j.LocalContainerEntityManagerFactoryBean - Closing JPA EntityManagerFactory for persistence unit 'default'
19:59:38.659 [Test worker] INFO  b.d.j.efurniture.ApplicationTests - Starting ApplicationTests using Java 18.0.2 with PID 18840 (started by Jorge in C:\Projetos\eFurniture)
19:59:38.661 [Test worker] DEBUG b.d.j.efurniture.ApplicationTests - Running with Spring Boot v3.1.3, Spring v6.0.11
19:59:38.662 [Test worker] INFO  b.d.j.efurniture.ApplicationTests - No active profile set, falling back to 1 default profile: "default"
19:59:39.724 [Test worker] INFO  o.s.d.r.c.RepositoryConfigurationDelegate - Multiple Spring Data modules found, entering strict repository configuration mode
19:59:39.726 [Test worker] INFO  o.s.d.r.c.RepositoryConfigurationDelegate - Bootstrapping Spring Data JDBC repositories in DEFAULT mode.
19:59:39.748 [Test worker] INFO  o.s.d.r.c.RepositoryConfigurationDelegate - Finished Spring Data repository scanning in 16 ms. Found 0 JDBC repository interfaces.
19:59:39.756 [Test worker] INFO  o.s.d.r.c.RepositoryConfigurationDelegate - Multiple Spring Data modules found, entering strict repository configuration mode
19:59:39.757 [Test worker] INFO  o.s.d.r.c.RepositoryConfigurationDelegate - Bootstrapping Spring Data JPA repositories in DEFAULT mode.
19:59:39.765 [Test worker] INFO  o.s.d.r.c.RepositoryConfigurationDelegate - Finished Spring Data repository scanning in 4 ms. Found 0 JPA repository interfaces.
19:59:40.588 [Test worker] INFO  o.s.o.j.p.SpringPersistenceUnitInfo - No LoadTimeWeaver setup: ignoring JPA class transformer
19:59:41.181 [Test worker] INFO  o.s.o.j.LocalContainerEntityManagerFactoryBean - Initialized JPA EntityManagerFactory for persistence unit 'default'
19:59:42.193 [Test worker] INFO  o.s.b.a.e.web.EndpointLinksResolver - Exposing 1 endpoint(s) beneath base path '/actuator'
19:59:42.248 [Test worker] INFO  b.d.j.efurniture.ApplicationTests - Started ApplicationTests in 4.516 seconds (process running for 6.623)
19:59:43.169 [Test worker] INFO  b.d.j.e.a.d.marceneiro.Marceneiro - Marceneiro criado: br.dev.jstec.efurniture.application.domain.marceneiro.Marceneiro@76966849
19:59:43.185 [Test worker] INFO  b.d.j.e.a.d.marceneiro.Marceneiro - Marceneiro criado: br.dev.jstec.efurniture.application.domain.marceneiro.Marceneiro@d1f2a78a
19:59:43.655 [SpringApplicationShutdownHook] INFO  o.s.o.j.LocalContainerEntityManagerFactoryBean - Closing JPA EntityManagerFactory for persistence unit 'default'
19:59:54.208 [Test worker] INFO  b.d.j.efurniture.ApplicationTests - Starting ApplicationTests using Java 18.0.2 with PID 20900 (started by Jorge in C:\Projetos\eFurniture)
19:59:54.209 [Test worker] DEBUG b.d.j.efurniture.ApplicationTests - Running with Spring Boot v3.1.3, Spring v6.0.11
19:59:54.211 [Test worker] INFO  b.d.j.efurniture.ApplicationTests - No active profile set, falling back to 1 default profile: "default"
19:59:55.166 [Test worker] INFO  o.s.d.r.c.RepositoryConfigurationDelegate - Multiple Spring Data modules found, entering strict repository configuration mode
19:59:55.168 [Test worker] INFO  o.s.d.r.c.RepositoryConfigurationDelegate - Bootstrapping Spring Data JDBC repositories in DEFAULT mode.
19:59:55.190 [Test worker] INFO  o.s.d.r.c.RepositoryConfigurationDelegate - Finished Spring Data repository scanning in 17 ms. Found 0 JDBC repository interfaces.
19:59:55.199 [Test worker] INFO  o.s.d.r.c.RepositoryConfigurationDelegate - Multiple Spring Data modules found, entering strict repository configuration mode
19:59:55.200 [Test worker] INFO  o.s.d.r.c.RepositoryConfigurationDelegate - Bootstrapping Spring Data JPA repositories in DEFAULT mode.
19:59:55.208 [Test worker] INFO  o.s.d.r.c.RepositoryConfigurationDelegate - Finished Spring Data repository scanning in 4 ms. Found 0 JPA repository interfaces.
19:59:56.023 [Test worker] INFO  o.s.o.j.p.SpringPersistenceUnitInfo - No LoadTimeWeaver setup: ignoring JPA class transformer
19:59:56.642 [Test worker] INFO  o.s.o.j.LocalContainerEntityManagerFactoryBean - Initialized JPA EntityManagerFactory for persistence unit 'default'
19:59:57.600 [Test worker] INFO  o.s.b.a.e.web.EndpointLinksResolver - Exposing 1 endpoint(s) beneath base path '/actuator'
19:59:57.655 [Test worker] INFO  b.d.j.efurniture.ApplicationTests - Started ApplicationTests in 3.956 seconds (process running for 6.82)
19:59:58.481 [Test worker] INFO  b.d.j.e.a.d.marceneiro.Marceneiro - Marceneiro criado: br.dev.jstec.efurniture.application.domain.marceneiro.Marceneiro@13e64aed
19:59:58.498 [Test worker] INFO  b.d.j.e.a.d.marceneiro.Marceneiro - Marceneiro criado: br.dev.jstec.efurniture.application.domain.marceneiro.Marceneiro@1f3291d3
19:59:58.938 [SpringApplicationShutdownHook] INFO  o.s.o.j.LocalContainerEntityManagerFactoryBean - Closing JPA EntityManagerFactory for persistence unit 'default'
20:00:12.633 [Test worker] INFO  b.d.j.efurniture.ApplicationTests - Starting ApplicationTests using Java 18.0.2 with PID 9372 (started by Jorge in C:\Projetos\eFurniture)
20:00:12.635 [Test worker] DEBUG b.d.j.efurniture.ApplicationTests - Running with Spring Boot v3.1.3, Spring v6.0.11
20:00:12.636 [Test worker] INFO  b.d.j.efurniture.ApplicationTests - No active profile set, falling back to 1 default profile: "default"
20:00:13.701 [Test worker] INFO  o.s.d.r.c.RepositoryConfigurationDelegate - Multiple Spring Data modules found, entering strict repository configuration mode
20:00:13.703 [Test worker] INFO  o.s.d.r.c.RepositoryConfigurationDelegate - Bootstrapping Spring Data JDBC repositories in DEFAULT mode.
20:00:13.724 [Test worker] INFO  o.s.d.r.c.RepositoryConfigurationDelegate - Finished Spring Data repository scanning in 16 ms. Found 0 JDBC repository interfaces.
20:00:13.732 [Test worker] INFO  o.s.d.r.c.RepositoryConfigurationDelegate - Multiple Spring Data modules found, entering strict repository configuration mode
20:00:13.734 [Test worker] INFO  o.s.d.r.c.RepositoryConfigurationDelegate - Bootstrapping Spring Data JPA repositories in DEFAULT mode.
20:00:13.742 [Test worker] INFO  o.s.d.r.c.RepositoryConfigurationDelegate - Finished Spring Data repository scanning in 4 ms. Found 0 JPA repository interfaces.
20:00:14.547 [Test worker] INFO  o.s.o.j.p.SpringPersistenceUnitInfo - No LoadTimeWeaver setup: ignoring JPA class transformer
20:00:15.163 [Test worker] INFO  o.s.o.j.LocalContainerEntityManagerFactoryBean - Initialized JPA EntityManagerFactory for persistence unit 'default'
20:00:16.147 [Test worker] INFO  o.s.b.a.e.web.EndpointLinksResolver - Exposing 1 endpoint(s) beneath base path '/actuator'
20:00:16.201 [Test worker] INFO  b.d.j.efurniture.ApplicationTests - Started ApplicationTests in 4.39 seconds (process running for 6.583)
20:00:17.180 [Test worker] INFO  b.d.j.e.a.d.marceneiro.Marceneiro - Marceneiro criado: br.dev.jstec.efurniture.application.domain.marceneiro.Marceneiro@e0ad98f5
20:00:17.197 [Test worker] INFO  b.d.j.e.a.d.marceneiro.Marceneiro - Marceneiro criado: br.dev.jstec.efurniture.application.domain.marceneiro.Marceneiro@95ca8d5a
20:00:17.669 [SpringApplicationShutdownHook] INFO  o.s.o.j.LocalContainerEntityManagerFactoryBean - Closing JPA EntityManagerFactory for persistence unit 'default'
20:01:59.493 [Test worker] INFO  b.d.j.efurniture.ApplicationTests - Starting ApplicationTests using Java 18.0.2 with PID 16508 (started by Jorge in C:\Projetos\eFurniture)
20:01:59.494 [Test worker] DEBUG b.d.j.efurniture.ApplicationTests - Running with Spring Boot v3.1.3, Spring v6.0.11
20:01:59.495 [Test worker] INFO  b.d.j.efurniture.ApplicationTests - No active profile set, falling back to 1 default profile: "default"
20:02:00.433 [Test worker] INFO  o.s.d.r.c.RepositoryConfigurationDelegate - Multiple Spring Data modules found, entering strict repository configuration mode
20:02:00.435 [Test worker] INFO  o.s.d.r.c.RepositoryConfigurationDelegate - Bootstrapping Spring Data JDBC repositories in DEFAULT mode.
20:02:00.456 [Test worker] INFO  o.s.d.r.c.RepositoryConfigurationDelegate - Finished Spring Data repository scanning in 16 ms. Found 0 JDBC repository interfaces.
20:02:00.463 [Test worker] INFO  o.s.d.r.c.RepositoryConfigurationDelegate - Multiple Spring Data modules found, entering strict repository configuration mode
20:02:00.464 [Test worker] INFO  o.s.d.r.c.RepositoryConfigurationDelegate - Bootstrapping Spring Data JPA repositories in DEFAULT mode.
20:02:00.472 [Test worker] INFO  o.s.d.r.c.RepositoryConfigurationDelegate - Finished Spring Data repository scanning in 4 ms. Found 0 JPA repository interfaces.
20:02:01.243 [Test worker] INFO  o.s.o.j.p.SpringPersistenceUnitInfo - No LoadTimeWeaver setup: ignoring JPA class transformer
20:02:01.824 [Test worker] INFO  o.s.o.j.LocalContainerEntityManagerFactoryBean - Initialized JPA EntityManagerFactory for persistence unit 'default'
20:02:02.776 [Test worker] INFO  o.s.b.a.e.web.EndpointLinksResolver - Exposing 1 endpoint(s) beneath base path '/actuator'
20:02:02.833 [Test worker] INFO  b.d.j.efurniture.ApplicationTests - Started ApplicationTests in 3.814 seconds (process running for 6.532)
20:02:03.657 [Test worker] INFO  b.d.j.e.a.d.marceneiro.Marceneiro - Marceneiro criado: br.dev.jstec.efurniture.application.domain.marceneiro.Marceneiro@44a265d0
20:02:03.673 [Test worker] INFO  b.d.j.e.a.d.marceneiro.Marceneiro - Marceneiro criado: br.dev.jstec.efurniture.application.domain.marceneiro.Marceneiro@89b5349f
20:02:04.120 [SpringApplicationShutdownHook] INFO  o.s.o.j.LocalContainerEntityManagerFactoryBean - Closing JPA EntityManagerFactory for persistence unit 'default'
20:03:36.522 [Test worker] INFO  b.d.j.efurniture.ApplicationTests - Starting ApplicationTests using Java 18.0.2 with PID 1888 (started by Jorge in C:\Projetos\eFurniture)
20:03:36.524 [Test worker] DEBUG b.d.j.efurniture.ApplicationTests - Running with Spring Boot v3.1.3, Spring v6.0.11
20:03:36.525 [Test worker] INFO  b.d.j.efurniture.ApplicationTests - No active profile set, falling back to 1 default profile: "default"
20:03:37.522 [Test worker] INFO  o.s.d.r.c.RepositoryConfigurationDelegate - Multiple Spring Data modules found, entering strict repository configuration mode
20:03:37.524 [Test worker] INFO  o.s.d.r.c.RepositoryConfigurationDelegate - Bootstrapping Spring Data JDBC repositories in DEFAULT mode.
20:03:37.547 [Test worker] INFO  o.s.d.r.c.RepositoryConfigurationDelegate - Finished Spring Data repository scanning in 17 ms. Found 0 JDBC repository interfaces.
20:03:37.555 [Test worker] INFO  o.s.d.r.c.RepositoryConfigurationDelegate - Multiple Spring Data modules found, entering strict repository configuration mode
20:03:37.556 [Test worker] INFO  o.s.d.r.c.RepositoryConfigurationDelegate - Bootstrapping Spring Data JPA repositories in DEFAULT mode.
20:03:37.564 [Test worker] INFO  o.s.d.r.c.RepositoryConfigurationDelegate - Finished Spring Data repository scanning in 4 ms. Found 0 JPA repository interfaces.
20:03:38.437 [Test worker] INFO  o.s.o.j.p.SpringPersistenceUnitInfo - No LoadTimeWeaver setup: ignoring JPA class transformer
20:03:39.033 [Test worker] INFO  o.s.o.j.LocalContainerEntityManagerFactoryBean - Initialized JPA EntityManagerFactory for persistence unit 'default'
20:03:40.045 [Test worker] INFO  o.s.b.a.e.web.EndpointLinksResolver - Exposing 1 endpoint(s) beneath base path '/actuator'
20:03:40.100 [Test worker] INFO  b.d.j.efurniture.ApplicationTests - Started ApplicationTests in 4.171 seconds (process running for 6.518)
20:03:41.007 [Test worker] INFO  b.d.j.e.a.d.marceneiro.Marceneiro - Marceneiro criado: br.dev.jstec.efurniture.application.domain.marceneiro.Marceneiro@d8dc516e
20:03:41.023 [Test worker] INFO  b.d.j.e.a.d.marceneiro.Marceneiro - Marceneiro criado: br.dev.jstec.efurniture.application.domain.marceneiro.Marceneiro@f2e8b7e2
20:03:41.491 [SpringApplicationShutdownHook] INFO  o.s.o.j.LocalContainerEntityManagerFactoryBean - Closing JPA EntityManagerFactory for persistence unit 'default'
20:03:57.180 [Test worker] INFO  b.d.j.efurniture.ApplicationTests - Starting ApplicationTests using Java 18.0.2 with PID 24296 (started by Jorge in C:\Projetos\eFurniture)
20:03:57.182 [Test worker] DEBUG b.d.j.efurniture.ApplicationTests - Running with Spring Boot v3.1.3, Spring v6.0.11
20:03:57.183 [Test worker] INFO  b.d.j.efurniture.ApplicationTests - No active profile set, falling back to 1 default profile: "default"
20:03:58.276 [Test worker] INFO  o.s.d.r.c.RepositoryConfigurationDelegate - Multiple Spring Data modules found, entering strict repository configuration mode
20:03:58.278 [Test worker] INFO  o.s.d.r.c.RepositoryConfigurationDelegate - Bootstrapping Spring Data JDBC repositories in DEFAULT mode.
20:03:58.301 [Test worker] INFO  o.s.d.r.c.RepositoryConfigurationDelegate - Finished Spring Data repository scanning in 18 ms. Found 0 JDBC repository interfaces.
20:03:58.310 [Test worker] INFO  o.s.d.r.c.RepositoryConfigurationDelegate - Multiple Spring Data modules found, entering strict repository configuration mode
20:03:58.311 [Test worker] INFO  o.s.d.r.c.RepositoryConfigurationDelegate - Bootstrapping Spring Data JPA repositories in DEFAULT mode.
20:03:58.319 [Test worker] INFO  o.s.d.r.c.RepositoryConfigurationDelegate - Finished Spring Data repository scanning in 4 ms. Found 0 JPA repository interfaces.
20:03:59.149 [Test worker] INFO  o.s.o.j.p.SpringPersistenceUnitInfo - No LoadTimeWeaver setup: ignoring JPA class transformer
20:03:59.740 [Test worker] INFO  o.s.o.j.LocalContainerEntityManagerFactoryBean - Initialized JPA EntityManagerFactory for persistence unit 'default'
20:04:00.710 [Test worker] INFO  o.s.b.a.e.web.EndpointLinksResolver - Exposing 1 endpoint(s) beneath base path '/actuator'
20:04:00.766 [Test worker] INFO  b.d.j.efurniture.ApplicationTests - Started ApplicationTests in 4.463 seconds (process running for 6.525)
20:04:01.715 [Test worker] INFO  b.d.j.e.a.d.marceneiro.Marceneiro - Marceneiro criado: br.dev.jstec.efurniture.application.domain.marceneiro.Marceneiro@e436c839
20:04:01.731 [Test worker] INFO  b.d.j.e.a.d.marceneiro.Marceneiro - Marceneiro criado: br.dev.jstec.efurniture.application.domain.marceneiro.Marceneiro@9758cc15
20:04:02.171 [SpringApplicationShutdownHook] INFO  o.s.o.j.LocalContainerEntityManagerFactoryBean - Closing JPA EntityManagerFactory for persistence unit 'default'
