08:36:53.201 [SpringApplicationShutdownHook] INFO  o.s.o.j.LocalContainerEntityManagerFactoryBean - Closing JPA EntityManagerFactory for persistence unit 'default'
08:38:28.792 [restartedMain] INFO  br.dev.jstec.mobilplan.Application - Starting Application using Java 18.0.2 with PID 25120 (C:\Projetos\eFurniture\build\classes\java\main started by Jorge in C:\Projetos\eFurniture)
08:38:28.793 [restartedMain] DEBUG br.dev.jstec.mobilplan.Application - Running with Spring Boot v3.1.3, Spring v6.0.11
08:38:28.794 [restartedMain] INFO  br.dev.jstec.mobilplan.Application - The following 1 profile is active: "dev"
08:38:28.833 [restartedMain] INFO  o.s.b.d.e.DevToolsPropertyDefaultsPostProcessor - Devtools property defaults active! Set 'spring.devtools.add-properties' to 'false' to disable
08:38:28.834 [restartedMain] INFO  o.s.b.d.e.DevToolsPropertyDefaultsPostProcessor - For additional web related logging consider setting the 'logging.level.web' property to 'DEBUG'
08:38:29.772 [restartedMain] INFO  o.s.d.r.c.RepositoryConfigurationDelegate - Multiple Spring Data modules found, entering strict repository configuration mode
08:38:29.773 [restartedMain] INFO  o.s.d.r.c.RepositoryConfigurationDelegate - Bootstrapping Spring Data JDBC repositories in DEFAULT mode.
08:38:29.799 [restartedMain] INFO  o.s.d.r.c.RepositoryConfigurationExtensionSupport - Spring Data JDBC - Could not safely identify store assignment for repository candidate interface br.dev.jstec.mobilplan.infrastructure.jpa.MarceneiroJpaRepository; If you want this repository to be a JDBC repository, consider annotating your entities with one of these annotations: org.springframework.data.relational.core.mapping.Table.
08:38:29.800 [restartedMain] INFO  o.s.d.r.c.RepositoryConfigurationDelegate - Finished Spring Data repository scanning in 23 ms. Found 0 JDBC repository interfaces.
08:38:29.806 [restartedMain] INFO  o.s.d.r.c.RepositoryConfigurationDelegate - Multiple Spring Data modules found, entering strict repository configuration mode
08:38:29.807 [restartedMain] INFO  o.s.d.r.c.RepositoryConfigurationDelegate - Bootstrapping Spring Data JPA repositories in DEFAULT mode.
08:38:29.830 [restartedMain] INFO  o.s.d.r.c.RepositoryConfigurationDelegate - Finished Spring Data repository scanning in 21 ms. Found 1 JPA repository interfaces.
08:38:30.411 [restartedMain] INFO  o.s.b.w.e.tomcat.TomcatWebServer - Tomcat initialized with port(s): 8081 (http)
08:38:30.481 [restartedMain] INFO  o.s.b.w.s.c.ServletWebServerApplicationContext - Root WebApplicationContext: initialization completed in 1647 ms
08:38:30.965 [restartedMain] INFO  o.s.o.j.p.SpringPersistenceUnitInfo - No LoadTimeWeaver setup: ignoring JPA class transformer
08:38:31.986 [restartedMain] INFO  o.s.o.j.LocalContainerEntityManagerFactoryBean - Initialized JPA EntityManagerFactory for persistence unit 'default'
08:38:33.289 [restartedMain] INFO  o.s.b.a.e.web.EndpointLinksResolver - Exposing 1 endpoint(s) beneath base path '/actuator'
08:38:33.400 [restartedMain] INFO  o.s.s.web.DefaultSecurityFilterChain - Will secure any request with [org.springframework.security.web.session.DisableEncodeUrlFilter@6de2cec4, org.springframework.security.web.context.request.async.WebAsyncManagerIntegrationFilter@7f5fef54, org.springframework.security.web.context.SecurityContextHolderFilter@5c875a97, org.springframework.security.web.header.HeaderWriterFilter@126f8ec3, org.springframework.security.web.authentication.logout.LogoutFilter@407c2fae, org.springframework.security.oauth2.server.resource.web.authentication.BearerTokenAuthenticationFilter@42c131ab, org.springframework.security.web.savedrequest.RequestCacheAwareFilter@201cbfa8, org.springframework.security.web.servletapi.SecurityContextHolderAwareRequestFilter@4c9eaae, org.springframework.security.web.authentication.AnonymousAuthenticationFilter@3458c57d, org.springframework.security.web.session.SessionManagementFilter@4d192efd, org.springframework.security.web.access.ExceptionTranslationFilter@710cd656, org.springframework.security.web.access.intercept.AuthorizationFilter@3457d31b]
08:38:33.797 [restartedMain] INFO  o.s.b.d.a.OptionalLiveReloadServer - LiveReload server is running on port 35729
08:38:33.854 [restartedMain] INFO  o.s.b.w.e.tomcat.TomcatWebServer - Tomcat started on port(s): 8081 (http) with context path ''
08:38:33.865 [restartedMain] INFO  br.dev.jstec.mobilplan.Application - Started Application in 5.525 seconds (process running for 6.114)
08:38:34.410 [RMI TCP Connection(3)-192.168.0.122] INFO  o.s.web.servlet.DispatcherServlet - Initializing Servlet 'dispatcherServlet'
08:38:34.411 [RMI TCP Connection(3)-192.168.0.122] INFO  o.s.web.servlet.DispatcherServlet - Completed initialization in 1 ms
08:41:13.066 [SpringApplicationShutdownHook] INFO  o.s.o.j.LocalContainerEntityManagerFactoryBean - Closing JPA EntityManagerFactory for persistence unit 'default'
