20:37:30.784 [main] INFO  br.dev.jstec.mobilplan.Application - Starting Application using Java 18.0.2 with PID 12504 (C:\Projetos\Mobilplan\mobilplan-back\build\classes\java\main started by Jorge Nascimento in C:\Projetos\Mobilplan\mobilplan-back)
20:37:30.793 [main] DEBUG br.dev.jstec.mobilplan.Application - Running with Spring Boot v3.1.3, Spring v6.0.11
20:37:30.794 [main] INFO  br.dev.jstec.mobilplan.Application - The following 1 profile is active: "dev"
20:37:31.717 [main] INFO  o.s.d.r.c.RepositoryConfigurationDelegate - Bootstrapping Spring Data JPA repositories in DEFAULT mode.
20:37:31.772 [main] INFO  o.s.d.r.c.RepositoryConfigurationDelegate - Finished Spring Data repository scanning in 49 ms. Found 3 JPA repository interfaces.
20:37:32.318 [main] INFO  o.s.b.w.e.tomcat.TomcatWebServer - Tomcat initialized with port(s): 8081 (http)
20:37:32.418 [main] INFO  o.s.b.w.s.c.ServletWebServerApplicationContext - Root WebApplicationContext: initialization completed in 1586 ms
20:37:32.921 [main] INFO  o.s.o.j.p.SpringPersistenceUnitInfo - No LoadTimeWeaver setup: ignoring JPA class transformer
20:37:34.047 [main] INFO  o.s.o.j.LocalContainerEntityManagerFactoryBean - Initialized JPA EntityManagerFactory for persistence unit 'default'
20:37:34.088 [main] INFO  b.d.j.m.i.c.p.e.NoReplyEmailProperties - NoReplyEmailProperties{host='smtp.gmail.com', port=587, username='sardinha.jorge@gmail.com'}
20:37:34.913 [main] INFO  o.s.d.j.r.query.QueryEnhancerFactory - Hibernate is in classpath; If applicable, HQL parser will be used.
20:37:35.303 [main] INFO  b.d.j.m.i.c.p.amqp.QueueProperties - QueueProperties{exchange='user.events', routingKey='email.confirmation', queue='email.confirmation.queue'}
20:37:36.101 [main] INFO  o.s.b.a.e.web.EndpointLinksResolver - Exposing 1 endpoint(s) beneath base path '/actuator'
20:37:36.214 [main] INFO  o.s.s.web.DefaultSecurityFilterChain - Will secure any request with [org.springframework.security.web.session.DisableEncodeUrlFilter@5ce76938, org.springframework.security.web.context.request.async.WebAsyncManagerIntegrationFilter@56653a4d, org.springframework.security.web.context.SecurityContextHolderFilter@d4a1d38, org.springframework.security.web.header.HeaderWriterFilter@4db7fe2c, org.springframework.security.web.authentication.logout.LogoutFilter@2cda8be9, org.springframework.security.oauth2.server.resource.web.authentication.BearerTokenAuthenticationFilter@732af580, org.springframework.security.web.savedrequest.RequestCacheAwareFilter@1ad55833, org.springframework.security.web.servletapi.SecurityContextHolderAwareRequestFilter@4bc01cab, org.springframework.security.web.authentication.AnonymousAuthenticationFilter@72c743f4, org.springframework.security.web.session.SessionManagementFilter@3f36d387, org.springframework.security.web.access.ExceptionTranslationFilter@7ccf845a, org.springframework.security.web.access.intercept.AuthorizationFilter@1276caf2]
20:37:36.708 [main] INFO  o.s.b.w.e.tomcat.TomcatWebServer - Tomcat started on port(s): 8081 (http) with context path ''
20:37:36.711 [main] INFO  o.s.a.r.c.CachingConnectionFactory - Attempting to connect to: [localhost:5672]
20:37:36.756 [main] INFO  o.s.a.r.c.CachingConnectionFactory - Created new connection: rabbitConnectionFactory#bce34d0:0/SimpleConnection@6ae47c1e [delegate=amqp://mobilplan@127.0.0.1:5672/, localPort=54273]
20:37:36.797 [main] INFO  br.dev.jstec.mobilplan.Application - Started Application in 6.46 seconds (process running for 7.011)
20:37:37.015 [RMI TCP Connection(3)-192.168.0.100] INFO  o.s.web.servlet.DispatcherServlet - Initializing Servlet 'dispatcherServlet'
20:37:37.018 [RMI TCP Connection(3)-192.168.0.100] INFO  o.s.web.servlet.DispatcherServlet - Completed initialization in 2 ms
20:42:52.411 [emailConfirmationListener-2] INFO  o.s.a.r.l.SimpleMessageListenerContainer - Waiting for workers to finish.
20:42:53.137 [emailConfirmationListener-2] INFO  o.s.a.r.l.SimpleMessageListenerContainer - Successfully waited for workers to finish.
20:42:53.159 [SpringApplicationShutdownHook] INFO  o.s.o.j.LocalContainerEntityManagerFactoryBean - Closing JPA EntityManagerFactory for persistence unit 'default'
20:44:28.984 [main] INFO  br.dev.jstec.mobilplan.Application - Starting Application using Java 18.0.2 with PID 29020 (C:\Projetos\Mobilplan\mobilplan-back\build\classes\java\main started by Jorge Nascimento in C:\Projetos\Mobilplan\mobilplan-back)
20:44:28.986 [main] DEBUG br.dev.jstec.mobilplan.Application - Running with Spring Boot v3.1.3, Spring v6.0.11
20:44:28.987 [main] INFO  br.dev.jstec.mobilplan.Application - The following 1 profile is active: "dev"
20:44:29.913 [main] INFO  o.s.d.r.c.RepositoryConfigurationDelegate - Bootstrapping Spring Data JPA repositories in DEFAULT mode.
20:44:29.971 [main] INFO  o.s.d.r.c.RepositoryConfigurationDelegate - Finished Spring Data repository scanning in 51 ms. Found 3 JPA repository interfaces.
20:44:30.509 [main] INFO  o.s.b.w.e.tomcat.TomcatWebServer - Tomcat initialized with port(s): 8081 (http)
20:44:30.609 [main] INFO  o.s.b.w.s.c.ServletWebServerApplicationContext - Root WebApplicationContext: initialization completed in 1588 ms
20:44:31.125 [main] INFO  o.s.o.j.p.SpringPersistenceUnitInfo - No LoadTimeWeaver setup: ignoring JPA class transformer
20:44:32.212 [main] INFO  o.s.o.j.LocalContainerEntityManagerFactoryBean - Initialized JPA EntityManagerFactory for persistence unit 'default'
20:44:32.252 [main] INFO  b.d.j.m.i.c.p.e.NoReplyEmailProperties - NoReplyEmailProperties{host='smtp.gmail.com', port=587, username='sardinha.jorge@gmail.com'}
20:44:33.042 [main] INFO  o.s.d.j.r.query.QueryEnhancerFactory - Hibernate is in classpath; If applicable, HQL parser will be used.
20:44:33.417 [main] INFO  b.d.j.m.i.c.p.amqp.QueueProperties - QueueProperties{exchange='user.events', routingKey='email.confirmation', queue='email.confirmation.queue'}
20:44:34.095 [main] INFO  o.s.b.a.e.web.EndpointLinksResolver - Exposing 1 endpoint(s) beneath base path '/actuator'
20:44:34.204 [main] INFO  o.s.s.web.DefaultSecurityFilterChain - Will secure any request with [org.springframework.security.web.session.DisableEncodeUrlFilter@68d21554, org.springframework.security.web.context.request.async.WebAsyncManagerIntegrationFilter@23bc69a1, org.springframework.security.web.context.SecurityContextHolderFilter@373636f3, org.springframework.security.web.header.HeaderWriterFilter@68212585, org.springframework.security.web.authentication.logout.LogoutFilter@34c83eb0, org.springframework.security.oauth2.server.resource.web.authentication.BearerTokenAuthenticationFilter@16be6b36, org.springframework.security.web.savedrequest.RequestCacheAwareFilter@66e478c7, org.springframework.security.web.servletapi.SecurityContextHolderAwareRequestFilter@1a35f99a, org.springframework.security.web.authentication.AnonymousAuthenticationFilter@463e413b, org.springframework.security.web.session.SessionManagementFilter@449be249, org.springframework.security.web.access.ExceptionTranslationFilter@6cf2b638, org.springframework.security.web.access.intercept.AuthorizationFilter@5381acc6]
20:44:34.219 [main] WARN  o.s.b.w.s.c.AnnotationConfigServletWebServerApplicationContext - Exception encountered during context initialization - cancelling refresh attempt: org.springframework.beans.factory.BeanCreationException: Error creating bean with name 'getUserLogged' defined in class path resource [br/dev/jstec/mobilplan/infrastructure/configuration/security/UserContextConfig.class]: Failed to instantiate [java.util.function.Supplier]: Factory method 'getUserLogged' threw exception with message: null
20:44:34.225 [main] INFO  o.s.o.j.LocalContainerEntityManagerFactoryBean - Closing JPA EntityManagerFactory for persistence unit 'default'
20:44:34.245 [main] INFO  o.s.b.a.l.ConditionEvaluationReportLogger - 

Error starting ApplicationContext. To display the condition evaluation report re-run your application with 'debug' enabled.
20:44:34.260 [main] ERROR o.s.boot.SpringApplication - Application run failed
org.springframework.beans.factory.BeanCreationException: Error creating bean with name 'getUserLogged' defined in class path resource [br/dev/jstec/mobilplan/infrastructure/configuration/security/UserContextConfig.class]: Failed to instantiate [java.util.function.Supplier]: Factory method 'getUserLogged' threw exception with message: null
	at org.springframework.beans.factory.support.ConstructorResolver.instantiate(ConstructorResolver.java:659)
	at org.springframework.beans.factory.support.ConstructorResolver.instantiateUsingFactoryMethod(ConstructorResolver.java:493)
	at org.springframework.beans.factory.support.AbstractAutowireCapableBeanFactory.instantiateUsingFactoryMethod(AbstractAutowireCapableBeanFactory.java:1332)
	at org.springframework.beans.factory.support.AbstractAutowireCapableBeanFactory.createBeanInstance(AbstractAutowireCapableBeanFactory.java:1162)
	at org.springframework.beans.factory.support.AbstractAutowireCapableBeanFactory.doCreateBean(AbstractAutowireCapableBeanFactory.java:560)
	at org.springframework.beans.factory.support.AbstractAutowireCapableBeanFactory.createBean(AbstractAutowireCapableBeanFactory.java:520)
	at org.springframework.beans.factory.support.AbstractBeanFactory.lambda$doGetBean$0(AbstractBeanFactory.java:326)
	at org.springframework.beans.factory.support.DefaultSingletonBeanRegistry.getSingleton(DefaultSingletonBeanRegistry.java:234)
	at org.springframework.beans.factory.support.AbstractBeanFactory.doGetBean(AbstractBeanFactory.java:324)
	at org.springframework.beans.factory.support.AbstractBeanFactory.getBean(AbstractBeanFactory.java:200)
	at org.springframework.beans.factory.support.DefaultListableBeanFactory.preInstantiateSingletons(DefaultListableBeanFactory.java:973)
	at org.springframework.context.support.AbstractApplicationContext.finishBeanFactoryInitialization(AbstractApplicationContext.java:942)
	at org.springframework.context.support.AbstractApplicationContext.refresh(AbstractApplicationContext.java:608)
	at org.springframework.boot.web.servlet.context.ServletWebServerApplicationContext.refresh(ServletWebServerApplicationContext.java:146)
	at org.springframework.boot.SpringApplication.refresh(SpringApplication.java:734)
	at org.springframework.boot.SpringApplication.refreshContext(SpringApplication.java:436)
	at org.springframework.boot.SpringApplication.run(SpringApplication.java:312)
	at org.springframework.boot.SpringApplication.run(SpringApplication.java:1306)
	at org.springframework.boot.SpringApplication.run(SpringApplication.java:1295)
	at br.dev.jstec.mobilplan.Application.main(Application.java:11)
Caused by: org.springframework.beans.BeanInstantiationException: Failed to instantiate [java.util.function.Supplier]: Factory method 'getUserLogged' threw exception with message: null
	at org.springframework.beans.factory.support.SimpleInstantiationStrategy.instantiate(SimpleInstantiationStrategy.java:171)
	at org.springframework.beans.factory.support.ConstructorResolver.instantiate(ConstructorResolver.java:655)
	... 19 common frames omitted
Caused by: java.lang.NullPointerException: null
	at java.base/java.util.Objects.requireNonNull(Objects.java:208)
	at br.dev.jstec.mobilplan.infrastructure.configuration.security.UserContextConfig.getUserLogged(UserContextConfig.java:18)
	at java.base/jdk.internal.reflect.DirectMethodHandleAccessor.invoke(DirectMethodHandleAccessor.java:104)
	at java.base/java.lang.reflect.Method.invoke(Method.java:577)
	at org.springframework.beans.factory.support.SimpleInstantiationStrategy.instantiate(SimpleInstantiationStrategy.java:139)
	... 20 common frames omitted
20:48:10.360 [main] INFO  br.dev.jstec.mobilplan.Application - Starting Application using Java 18.0.2 with PID 24236 (C:\Projetos\Mobilplan\mobilplan-back\build\classes\java\main started by Jorge Nascimento in C:\Projetos\Mobilplan\mobilplan-back)
20:48:10.361 [main] DEBUG br.dev.jstec.mobilplan.Application - Running with Spring Boot v3.1.3, Spring v6.0.11
20:48:10.362 [main] INFO  br.dev.jstec.mobilplan.Application - The following 1 profile is active: "dev"
20:48:11.273 [main] INFO  o.s.d.r.c.RepositoryConfigurationDelegate - Bootstrapping Spring Data JPA repositories in DEFAULT mode.
20:48:11.330 [main] INFO  o.s.d.r.c.RepositoryConfigurationDelegate - Finished Spring Data repository scanning in 51 ms. Found 3 JPA repository interfaces.
20:48:11.879 [main] INFO  o.s.b.w.e.tomcat.TomcatWebServer - Tomcat initialized with port(s): 8081 (http)
20:48:11.980 [main] INFO  o.s.b.w.s.c.ServletWebServerApplicationContext - Root WebApplicationContext: initialization completed in 1587 ms
20:48:12.492 [main] INFO  o.s.o.j.p.SpringPersistenceUnitInfo - No LoadTimeWeaver setup: ignoring JPA class transformer
20:48:13.609 [main] INFO  o.s.o.j.LocalContainerEntityManagerFactoryBean - Initialized JPA EntityManagerFactory for persistence unit 'default'
20:48:13.658 [main] INFO  b.d.j.m.i.c.p.e.NoReplyEmailProperties - NoReplyEmailProperties{host='smtp.gmail.com', port=587, username='sardinha.jorge@gmail.com'}
20:48:14.495 [main] INFO  o.s.d.j.r.query.QueryEnhancerFactory - Hibernate is in classpath; If applicable, HQL parser will be used.
20:48:14.880 [main] INFO  b.d.j.m.i.c.p.amqp.QueueProperties - QueueProperties{exchange='user.events', routingKey='email.confirmation', queue='email.confirmation.queue'}
20:48:15.613 [main] INFO  o.s.b.a.e.web.EndpointLinksResolver - Exposing 1 endpoint(s) beneath base path '/actuator'
20:48:15.721 [main] INFO  o.s.s.web.DefaultSecurityFilterChain - Will secure any request with [org.springframework.security.web.session.DisableEncodeUrlFilter@4694dfd, org.springframework.security.web.context.request.async.WebAsyncManagerIntegrationFilter@1ad55833, org.springframework.security.web.context.SecurityContextHolderFilter@5c3d91bc, org.springframework.security.web.header.HeaderWriterFilter@207b440f, org.springframework.security.web.authentication.logout.LogoutFilter@695d0adc, org.springframework.security.oauth2.server.resource.web.authentication.BearerTokenAuthenticationFilter@211e1b51, org.springframework.security.web.savedrequest.RequestCacheAwareFilter@449be249, org.springframework.security.web.servletapi.SecurityContextHolderAwareRequestFilter@296c6cc1, org.springframework.security.web.authentication.AnonymousAuthenticationFilter@4bc01cab, org.springframework.security.web.session.SessionManagementFilter@2d43bedb, org.springframework.security.web.access.ExceptionTranslationFilter@766f5049, org.springframework.security.web.access.intercept.AuthorizationFilter@4db7fe2c]
20:48:15.736 [main] WARN  o.s.b.w.s.c.AnnotationConfigServletWebServerApplicationContext - Exception encountered during context initialization - cancelling refresh attempt: org.springframework.beans.factory.BeanCreationException: Error creating bean with name 'getUserLogged' defined in class path resource [br/dev/jstec/mobilplan/infrastructure/configuration/security/UserContext.class]: Failed to instantiate [java.lang.String]: Factory method 'getUserLogged' threw exception with message: ServiceName: br.dev.jstec.mobilplan.infrastructure.configuration.security.UserContext. HttpStatus: 401 UNAUTHORIZED. ResponseBody: ERRO_TOKEN_INVALIDO
20:48:15.742 [main] INFO  o.s.o.j.LocalContainerEntityManagerFactoryBean - Closing JPA EntityManagerFactory for persistence unit 'default'
20:48:15.763 [main] INFO  o.s.b.a.l.ConditionEvaluationReportLogger - 

Error starting ApplicationContext. To display the condition evaluation report re-run your application with 'debug' enabled.
20:48:15.781 [main] ERROR o.s.boot.SpringApplication - Application run failed
org.springframework.beans.factory.BeanCreationException: Error creating bean with name 'getUserLogged' defined in class path resource [br/dev/jstec/mobilplan/infrastructure/configuration/security/UserContext.class]: Failed to instantiate [java.lang.String]: Factory method 'getUserLogged' threw exception with message: ServiceName: br.dev.jstec.mobilplan.infrastructure.configuration.security.UserContext. HttpStatus: 401 UNAUTHORIZED. ResponseBody: ERRO_TOKEN_INVALIDO
	at org.springframework.beans.factory.support.ConstructorResolver.instantiate(ConstructorResolver.java:659)
	at org.springframework.beans.factory.support.ConstructorResolver.instantiateUsingFactoryMethod(ConstructorResolver.java:493)
	at org.springframework.beans.factory.support.AbstractAutowireCapableBeanFactory.instantiateUsingFactoryMethod(AbstractAutowireCapableBeanFactory.java:1332)
	at org.springframework.beans.factory.support.AbstractAutowireCapableBeanFactory.createBeanInstance(AbstractAutowireCapableBeanFactory.java:1162)
	at org.springframework.beans.factory.support.AbstractAutowireCapableBeanFactory.doCreateBean(AbstractAutowireCapableBeanFactory.java:560)
	at org.springframework.beans.factory.support.AbstractAutowireCapableBeanFactory.createBean(AbstractAutowireCapableBeanFactory.java:520)
	at org.springframework.beans.factory.support.AbstractBeanFactory.lambda$doGetBean$0(AbstractBeanFactory.java:326)
	at org.springframework.beans.factory.support.DefaultSingletonBeanRegistry.getSingleton(DefaultSingletonBeanRegistry.java:234)
	at org.springframework.beans.factory.support.AbstractBeanFactory.doGetBean(AbstractBeanFactory.java:324)
	at org.springframework.beans.factory.support.AbstractBeanFactory.getBean(AbstractBeanFactory.java:200)
	at org.springframework.beans.factory.support.DefaultListableBeanFactory.preInstantiateSingletons(DefaultListableBeanFactory.java:973)
	at org.springframework.context.support.AbstractApplicationContext.finishBeanFactoryInitialization(AbstractApplicationContext.java:942)
	at org.springframework.context.support.AbstractApplicationContext.refresh(AbstractApplicationContext.java:608)
	at org.springframework.boot.web.servlet.context.ServletWebServerApplicationContext.refresh(ServletWebServerApplicationContext.java:146)
	at org.springframework.boot.SpringApplication.refresh(SpringApplication.java:734)
	at org.springframework.boot.SpringApplication.refreshContext(SpringApplication.java:436)
	at org.springframework.boot.SpringApplication.run(SpringApplication.java:312)
	at org.springframework.boot.SpringApplication.run(SpringApplication.java:1306)
	at org.springframework.boot.SpringApplication.run(SpringApplication.java:1295)
	at br.dev.jstec.mobilplan.Application.main(Application.java:11)
Caused by: org.springframework.beans.BeanInstantiationException: Failed to instantiate [java.lang.String]: Factory method 'getUserLogged' threw exception with message: ServiceName: br.dev.jstec.mobilplan.infrastructure.configuration.security.UserContext. HttpStatus: 401 UNAUTHORIZED. ResponseBody: ERRO_TOKEN_INVALIDO
	at org.springframework.beans.factory.support.SimpleInstantiationStrategy.instantiate(SimpleInstantiationStrategy.java:171)
	at org.springframework.beans.factory.support.ConstructorResolver.instantiate(ConstructorResolver.java:655)
	... 19 common frames omitted
Caused by: br.dev.jstec.mobilplan.infrastructure.exceptions.RequestException: ServiceName: br.dev.jstec.mobilplan.infrastructure.configuration.security.UserContext. HttpStatus: 401 UNAUTHORIZED. ResponseBody: ERRO_TOKEN_INVALIDO
	at br.dev.jstec.mobilplan.infrastructure.configuration.security.UserContext.getUserLoggedByToken(UserContext.java:21)
	at br.dev.jstec.mobilplan.infrastructure.configuration.security.UserContext.getUserLogged(UserContext.java:28)
	at java.base/jdk.internal.reflect.DirectMethodHandleAccessor.invoke(DirectMethodHandleAccessor.java:104)
	at java.base/java.lang.reflect.Method.invoke(Method.java:577)
	at org.springframework.beans.factory.support.SimpleInstantiationStrategy.instantiate(SimpleInstantiationStrategy.java:139)
	... 20 common frames omitted
20:50:19.332 [main] INFO  br.dev.jstec.mobilplan.Application - Starting Application using Java 18.0.2 with PID 28864 (C:\Projetos\Mobilplan\mobilplan-back\build\classes\java\main started by Jorge Nascimento in C:\Projetos\Mobilplan\mobilplan-back)
20:50:19.333 [main] DEBUG br.dev.jstec.mobilplan.Application - Running with Spring Boot v3.1.3, Spring v6.0.11
20:50:19.334 [main] INFO  br.dev.jstec.mobilplan.Application - The following 1 profile is active: "dev"
20:50:20.277 [main] INFO  o.s.d.r.c.RepositoryConfigurationDelegate - Bootstrapping Spring Data JPA repositories in DEFAULT mode.
20:50:20.331 [main] INFO  o.s.d.r.c.RepositoryConfigurationDelegate - Finished Spring Data repository scanning in 47 ms. Found 3 JPA repository interfaces.
20:50:20.876 [main] INFO  o.s.b.w.e.tomcat.TomcatWebServer - Tomcat initialized with port(s): 8081 (http)
20:50:20.973 [main] INFO  o.s.b.w.s.c.ServletWebServerApplicationContext - Root WebApplicationContext: initialization completed in 1606 ms
20:50:21.475 [main] INFO  o.s.o.j.p.SpringPersistenceUnitInfo - No LoadTimeWeaver setup: ignoring JPA class transformer
20:50:22.546 [main] INFO  o.s.o.j.LocalContainerEntityManagerFactoryBean - Initialized JPA EntityManagerFactory for persistence unit 'default'
20:50:22.585 [main] INFO  b.d.j.m.i.c.p.e.NoReplyEmailProperties - NoReplyEmailProperties{host='smtp.gmail.com', port=587, username='sardinha.jorge@gmail.com'}
20:50:23.378 [main] INFO  o.s.d.j.r.query.QueryEnhancerFactory - Hibernate is in classpath; If applicable, HQL parser will be used.
20:50:23.754 [main] INFO  b.d.j.m.i.c.p.amqp.QueueProperties - QueueProperties{exchange='user.events', routingKey='email.confirmation', queue='email.confirmation.queue'}
20:50:24.440 [main] INFO  o.s.b.a.e.web.EndpointLinksResolver - Exposing 1 endpoint(s) beneath base path '/actuator'
20:50:24.551 [main] INFO  o.s.s.web.DefaultSecurityFilterChain - Will secure any request with [org.springframework.security.web.session.DisableEncodeUrlFilter@4694dfd, org.springframework.security.web.context.request.async.WebAsyncManagerIntegrationFilter@1ad55833, org.springframework.security.web.context.SecurityContextHolderFilter@5c3d91bc, org.springframework.security.web.header.HeaderWriterFilter@207b440f, org.springframework.security.web.authentication.logout.LogoutFilter@695d0adc, org.springframework.security.oauth2.server.resource.web.authentication.BearerTokenAuthenticationFilter@211e1b51, org.springframework.security.web.savedrequest.RequestCacheAwareFilter@449be249, org.springframework.security.web.servletapi.SecurityContextHolderAwareRequestFilter@296c6cc1, org.springframework.security.web.authentication.AnonymousAuthenticationFilter@4bc01cab, org.springframework.security.web.session.SessionManagementFilter@2d43bedb, org.springframework.security.web.access.ExceptionTranslationFilter@766f5049, org.springframework.security.web.access.intercept.AuthorizationFilter@4db7fe2c]
20:50:25.043 [main] INFO  o.s.b.w.e.tomcat.TomcatWebServer - Tomcat started on port(s): 8081 (http) with context path ''
20:50:25.046 [main] INFO  o.s.a.r.c.CachingConnectionFactory - Attempting to connect to: [localhost:5672]
20:50:25.090 [main] INFO  o.s.a.r.c.CachingConnectionFactory - Created new connection: rabbitConnectionFactory#1cd6769b:0/SimpleConnection@dc46916 [delegate=amqp://mobilplan@127.0.0.1:5672/, localPort=54444]
20:50:25.128 [main] INFO  br.dev.jstec.mobilplan.Application - Started Application in 6.248 seconds (process running for 6.8)
20:50:25.546 [RMI TCP Connection(3)-192.168.0.100] INFO  o.s.web.servlet.DispatcherServlet - Initializing Servlet 'dispatcherServlet'
20:50:25.548 [RMI TCP Connection(3)-192.168.0.100] INFO  o.s.web.servlet.DispatcherServlet - Completed initialization in 2 ms
20:50:48.958 [http-nio-8081-exec-1] ERROR b.d.j.m.i.e.CustomExceptionHandler - As informações contidas no token estão inconsistentes
20:52:15.251 [http-nio-8081-exec-2] ERROR b.d.j.m.i.e.CustomExceptionHandler - As informações contidas no token estão inconsistentes
20:52:15.281 [emailConfirmationListener-2] INFO  o.s.a.r.l.SimpleMessageListenerContainer - Waiting for workers to finish.
20:52:16.260 [emailConfirmationListener-2] INFO  o.s.a.r.l.SimpleMessageListenerContainer - Successfully waited for workers to finish.
20:52:16.283 [SpringApplicationShutdownHook] INFO  o.s.o.j.LocalContainerEntityManagerFactoryBean - Closing JPA EntityManagerFactory for persistence unit 'default'
21:03:17.980 [main] INFO  br.dev.jstec.mobilplan.Application - Starting Application using Java 18.0.2 with PID 28912 (C:\Projetos\Mobilplan\mobilplan-back\build\classes\java\main started by Jorge Nascimento in C:\Projetos\Mobilplan\mobilplan-back)
21:03:17.981 [main] DEBUG br.dev.jstec.mobilplan.Application - Running with Spring Boot v3.1.3, Spring v6.0.11
21:03:17.982 [main] INFO  br.dev.jstec.mobilplan.Application - The following 1 profile is active: "dev"
21:03:18.943 [main] INFO  o.s.d.r.c.RepositoryConfigurationDelegate - Bootstrapping Spring Data JPA repositories in DEFAULT mode.
21:03:19.015 [main] INFO  o.s.d.r.c.RepositoryConfigurationDelegate - Finished Spring Data repository scanning in 66 ms. Found 3 JPA repository interfaces.
21:03:19.578 [main] INFO  o.s.b.w.e.tomcat.TomcatWebServer - Tomcat initialized with port(s): 8081 (http)
21:03:19.678 [main] INFO  o.s.b.w.s.c.ServletWebServerApplicationContext - Root WebApplicationContext: initialization completed in 1658 ms
21:03:20.200 [main] INFO  o.s.o.j.p.SpringPersistenceUnitInfo - No LoadTimeWeaver setup: ignoring JPA class transformer
21:03:21.343 [main] INFO  o.s.o.j.LocalContainerEntityManagerFactoryBean - Initialized JPA EntityManagerFactory for persistence unit 'default'
21:03:21.383 [main] INFO  b.d.j.m.i.c.p.e.NoReplyEmailProperties - NoReplyEmailProperties{host='smtp.gmail.com', port=587, username='sardinha.jorge@gmail.com'}
21:03:22.182 [main] INFO  o.s.d.j.r.query.QueryEnhancerFactory - Hibernate is in classpath; If applicable, HQL parser will be used.
21:03:22.563 [main] INFO  b.d.j.m.i.c.p.amqp.QueueProperties - QueueProperties{exchange='user.events', routingKey='email.confirmation', queue='email.confirmation.queue'}
21:03:23.258 [main] INFO  o.s.b.a.e.web.EndpointLinksResolver - Exposing 1 endpoint(s) beneath base path '/actuator'
21:03:23.370 [main] INFO  o.s.s.web.DefaultSecurityFilterChain - Will secure any request with [org.springframework.security.web.session.DisableEncodeUrlFilter@17c373d3, org.springframework.security.web.context.request.async.WebAsyncManagerIntegrationFilter@5a78e7e3, org.springframework.security.web.context.SecurityContextHolderFilter@60aee4ca, org.springframework.security.web.header.HeaderWriterFilter@2d43bedb, org.springframework.security.web.authentication.logout.LogoutFilter@63c9017b, org.springframework.security.oauth2.server.resource.web.authentication.BearerTokenAuthenticationFilter@10c23a76, org.springframework.security.web.savedrequest.RequestCacheAwareFilter@50f71f48, org.springframework.security.web.servletapi.SecurityContextHolderAwareRequestFilter@14270715, org.springframework.security.web.authentication.AnonymousAuthenticationFilter@5be86750, org.springframework.security.web.session.SessionManagementFilter@1c32c581, org.springframework.security.web.access.ExceptionTranslationFilter@5ffdea7c, org.springframework.security.web.access.intercept.AuthorizationFilter@3f36d387]
21:03:23.858 [main] INFO  o.s.b.w.e.tomcat.TomcatWebServer - Tomcat started on port(s): 8081 (http) with context path ''
21:03:23.861 [main] INFO  o.s.a.r.c.CachingConnectionFactory - Attempting to connect to: [localhost:5672]
21:03:23.905 [main] INFO  o.s.a.r.c.CachingConnectionFactory - Created new connection: rabbitConnectionFactory#16454a28:0/SimpleConnection@6815e19c [delegate=amqp://mobilplan@127.0.0.1:5672/, localPort=54567]
21:03:23.943 [main] INFO  br.dev.jstec.mobilplan.Application - Started Application in 6.409 seconds (process running for 6.973)
21:03:24.174 [RMI TCP Connection(2)-192.168.0.100] INFO  o.s.web.servlet.DispatcherServlet - Initializing Servlet 'dispatcherServlet'
21:03:24.176 [RMI TCP Connection(2)-192.168.0.100] INFO  o.s.web.servlet.DispatcherServlet - Completed initialization in 1 ms
21:03:27.035 [http-nio-8081-exec-1] ERROR b.d.j.m.i.e.CustomExceptionHandler - As informações contidas no token estão inconsistentes
21:05:33.573 [http-nio-8081-exec-2] ERROR b.d.j.m.i.e.CustomExceptionHandler - As informações contidas no token estão inconsistentes
21:10:56.379 [emailConfirmationListener-2] INFO  o.s.a.r.l.SimpleMessageListenerContainer - Waiting for workers to finish.
21:10:57.280 [emailConfirmationListener-2] INFO  o.s.a.r.l.SimpleMessageListenerContainer - Successfully waited for workers to finish.
21:10:57.302 [SpringApplicationShutdownHook] INFO  o.s.o.j.LocalContainerEntityManagerFactoryBean - Closing JPA EntityManagerFactory for persistence unit 'default'
21:11:00.908 [main] INFO  br.dev.jstec.mobilplan.Application - Starting Application using Java 18.0.2 with PID 15832 (C:\Projetos\Mobilplan\mobilplan-back\build\classes\java\main started by Jorge Nascimento in C:\Projetos\Mobilplan\mobilplan-back)
21:11:00.910 [main] DEBUG br.dev.jstec.mobilplan.Application - Running with Spring Boot v3.1.3, Spring v6.0.11
21:11:00.910 [main] INFO  br.dev.jstec.mobilplan.Application - The following 1 profile is active: "dev"
21:11:01.847 [main] INFO  o.s.d.r.c.RepositoryConfigurationDelegate - Bootstrapping Spring Data JPA repositories in DEFAULT mode.
21:11:01.908 [main] INFO  o.s.d.r.c.RepositoryConfigurationDelegate - Finished Spring Data repository scanning in 55 ms. Found 3 JPA repository interfaces.
21:11:02.457 [main] INFO  o.s.b.w.e.tomcat.TomcatWebServer - Tomcat initialized with port(s): 8081 (http)
21:11:02.561 [main] INFO  o.s.b.w.s.c.ServletWebServerApplicationContext - Root WebApplicationContext: initialization completed in 1619 ms
21:11:03.069 [main] INFO  o.s.o.j.p.SpringPersistenceUnitInfo - No LoadTimeWeaver setup: ignoring JPA class transformer
21:11:04.178 [main] INFO  o.s.o.j.LocalContainerEntityManagerFactoryBean - Initialized JPA EntityManagerFactory for persistence unit 'default'
21:11:04.218 [main] INFO  b.d.j.m.i.c.p.e.NoReplyEmailProperties - NoReplyEmailProperties{host='smtp.gmail.com', port=587, username='sardinha.jorge@gmail.com'}
21:11:05.017 [main] INFO  o.s.d.j.r.query.QueryEnhancerFactory - Hibernate is in classpath; If applicable, HQL parser will be used.
21:11:05.405 [main] INFO  b.d.j.m.i.c.p.amqp.QueueProperties - QueueProperties{exchange='user.events', routingKey='email.confirmation', queue='email.confirmation.queue'}
21:11:06.097 [main] INFO  o.s.b.a.e.web.EndpointLinksResolver - Exposing 1 endpoint(s) beneath base path '/actuator'
21:11:06.210 [main] INFO  o.s.s.web.DefaultSecurityFilterChain - Will secure any request with [org.springframework.security.web.session.DisableEncodeUrlFilter@34c83eb0, org.springframework.security.web.context.request.async.WebAsyncManagerIntegrationFilter@4fde13d0, org.springframework.security.web.context.SecurityContextHolderFilter@6c88026b, org.springframework.security.web.header.HeaderWriterFilter@32f53573, org.springframework.security.web.authentication.logout.LogoutFilter@196ca821, org.springframework.security.oauth2.server.resource.web.authentication.BearerTokenAuthenticationFilter@4bc15d49, org.springframework.security.web.savedrequest.RequestCacheAwareFilter@aa9b6a8, org.springframework.security.web.servletapi.SecurityContextHolderAwareRequestFilter@162304e3, org.springframework.security.web.authentication.AnonymousAuthenticationFilter@e343477, org.springframework.security.web.session.SessionManagementFilter@25ca56de, org.springframework.security.web.access.ExceptionTranslationFilter@1f32fb77, org.springframework.security.web.access.intercept.AuthorizationFilter@38657ca8]
21:11:06.713 [main] INFO  o.s.b.w.e.tomcat.TomcatWebServer - Tomcat started on port(s): 8081 (http) with context path ''
21:11:06.716 [main] INFO  o.s.a.r.c.CachingConnectionFactory - Attempting to connect to: [localhost:5672]
21:11:06.761 [main] INFO  o.s.a.r.c.CachingConnectionFactory - Created new connection: rabbitConnectionFactory#16454a28:0/SimpleConnection@6815e19c [delegate=amqp://mobilplan@127.0.0.1:5672/, localPort=54643]
21:11:06.798 [main] INFO  br.dev.jstec.mobilplan.Application - Started Application in 6.326 seconds (process running for 6.877)
21:11:07.157 [RMI TCP Connection(3)-192.168.0.100] INFO  o.s.web.servlet.DispatcherServlet - Initializing Servlet 'dispatcherServlet'
21:11:07.158 [RMI TCP Connection(3)-192.168.0.100] INFO  o.s.web.servlet.DispatcherServlet - Completed initialization in 1 ms
21:11:11.160 [http-nio-8081-exec-1] INFO  b.d.j.m.i.c.security.UserContext - org.springframework.security.oauth2.jwt.Jwt
21:11:11.162 [http-nio-8081-exec-1] ERROR b.d.j.m.i.e.CustomExceptionHandler - As informações contidas no token estão inconsistentes
21:17:33.594 [http-nio-8081-exec-3] INFO  b.d.j.m.i.c.security.UserContext - org.springframework.security.oauth2.jwt.Jwt
21:17:33.595 [http-nio-8081-exec-3] ERROR b.d.j.m.i.e.CustomExceptionHandler - As informações contidas no token estão inconsistentes
21:17:33.627 [emailConfirmationListener-2] INFO  o.s.a.r.l.SimpleMessageListenerContainer - Waiting for workers to finish.
21:17:34.600 [emailConfirmationListener-2] INFO  o.s.a.r.l.SimpleMessageListenerContainer - Successfully waited for workers to finish.
21:17:34.623 [SpringApplicationShutdownHook] INFO  o.s.o.j.LocalContainerEntityManagerFactoryBean - Closing JPA EntityManagerFactory for persistence unit 'default'
21:19:20.831 [main] INFO  br.dev.jstec.mobilplan.Application - Starting Application using Java 18.0.2 with PID 15308 (C:\Projetos\Mobilplan\mobilplan-back\build\classes\java\main started by Jorge Nascimento in C:\Projetos\Mobilplan\mobilplan-back)
21:19:20.833 [main] DEBUG br.dev.jstec.mobilplan.Application - Running with Spring Boot v3.1.3, Spring v6.0.11
21:19:20.833 [main] INFO  br.dev.jstec.mobilplan.Application - The following 1 profile is active: "dev"
21:19:21.768 [main] INFO  o.s.d.r.c.RepositoryConfigurationDelegate - Bootstrapping Spring Data JPA repositories in DEFAULT mode.
21:19:21.822 [main] INFO  o.s.d.r.c.RepositoryConfigurationDelegate - Finished Spring Data repository scanning in 49 ms. Found 3 JPA repository interfaces.
21:19:22.368 [main] INFO  o.s.b.w.e.tomcat.TomcatWebServer - Tomcat initialized with port(s): 8081 (http)
21:19:22.469 [main] INFO  o.s.b.w.s.c.ServletWebServerApplicationContext - Root WebApplicationContext: initialization completed in 1603 ms
21:19:22.988 [main] INFO  o.s.o.j.p.SpringPersistenceUnitInfo - No LoadTimeWeaver setup: ignoring JPA class transformer
21:19:24.127 [main] INFO  o.s.o.j.LocalContainerEntityManagerFactoryBean - Initialized JPA EntityManagerFactory for persistence unit 'default'
21:19:24.168 [main] INFO  b.d.j.m.i.c.p.e.NoReplyEmailProperties - NoReplyEmailProperties{host='smtp.gmail.com', port=587, username='sardinha.jorge@gmail.com'}
21:19:24.997 [main] INFO  o.s.d.j.r.query.QueryEnhancerFactory - Hibernate is in classpath; If applicable, HQL parser will be used.
21:19:25.376 [main] INFO  b.d.j.m.i.c.p.amqp.QueueProperties - QueueProperties{exchange='user.events', routingKey='email.confirmation', queue='email.confirmation.queue'}
21:19:26.075 [main] INFO  o.s.b.a.e.web.EndpointLinksResolver - Exposing 1 endpoint(s) beneath base path '/actuator'
21:19:26.183 [main] INFO  o.s.s.web.DefaultSecurityFilterChain - Will secure any request with [org.springframework.security.web.session.DisableEncodeUrlFilter@17c373d3, org.springframework.security.web.context.request.async.WebAsyncManagerIntegrationFilter@5a78e7e3, org.springframework.security.web.context.SecurityContextHolderFilter@60aee4ca, org.springframework.security.web.header.HeaderWriterFilter@2d43bedb, org.springframework.security.web.authentication.logout.LogoutFilter@63c9017b, org.springframework.security.oauth2.server.resource.web.authentication.BearerTokenAuthenticationFilter@10c23a76, org.springframework.security.web.savedrequest.RequestCacheAwareFilter@50f71f48, org.springframework.security.web.servletapi.SecurityContextHolderAwareRequestFilter@14270715, org.springframework.security.web.authentication.AnonymousAuthenticationFilter@5be86750, org.springframework.security.web.session.SessionManagementFilter@1c32c581, org.springframework.security.web.access.ExceptionTranslationFilter@5ffdea7c, org.springframework.security.web.access.intercept.AuthorizationFilter@3f36d387]
21:19:26.659 [main] INFO  o.s.b.w.e.tomcat.TomcatWebServer - Tomcat started on port(s): 8081 (http) with context path ''
21:19:26.662 [main] INFO  o.s.a.r.c.CachingConnectionFactory - Attempting to connect to: [localhost:5672]
21:19:26.706 [main] INFO  o.s.a.r.c.CachingConnectionFactory - Created new connection: rabbitConnectionFactory#16454a28:0/SimpleConnection@6815e19c [delegate=amqp://mobilplan@127.0.0.1:5672/, localPort=54706]
21:19:26.748 [main] INFO  br.dev.jstec.mobilplan.Application - Started Application in 6.358 seconds (process running for 6.904)
21:19:27.033 [RMI TCP Connection(1)-192.168.0.100] INFO  o.s.web.servlet.DispatcherServlet - Initializing Servlet 'dispatcherServlet'
21:19:27.036 [RMI TCP Connection(1)-192.168.0.100] INFO  o.s.web.servlet.DispatcherServlet - Completed initialization in 3 ms
21:19:37.624 [http-nio-8081-exec-1] ERROR b.d.j.m.i.e.CustomExceptionHandler - As informações contidas no token estão inconsistentes
21:20:08.329 [emailConfirmationListener-2] INFO  o.s.a.r.l.SimpleMessageListenerContainer - Waiting for workers to finish.
21:20:09.102 [emailConfirmationListener-2] INFO  o.s.a.r.l.SimpleMessageListenerContainer - Successfully waited for workers to finish.
21:20:09.124 [SpringApplicationShutdownHook] INFO  o.s.o.j.LocalContainerEntityManagerFactoryBean - Closing JPA EntityManagerFactory for persistence unit 'default'
21:20:12.901 [main] INFO  br.dev.jstec.mobilplan.Application - Starting Application using Java 18.0.2 with PID 23344 (C:\Projetos\Mobilplan\mobilplan-back\build\classes\java\main started by Jorge Nascimento in C:\Projetos\Mobilplan\mobilplan-back)
21:20:12.903 [main] DEBUG br.dev.jstec.mobilplan.Application - Running with Spring Boot v3.1.3, Spring v6.0.11
21:20:12.903 [main] INFO  br.dev.jstec.mobilplan.Application - The following 1 profile is active: "dev"
21:20:13.830 [main] INFO  o.s.d.r.c.RepositoryConfigurationDelegate - Bootstrapping Spring Data JPA repositories in DEFAULT mode.
21:20:13.887 [main] INFO  o.s.d.r.c.RepositoryConfigurationDelegate - Finished Spring Data repository scanning in 52 ms. Found 3 JPA repository interfaces.
21:20:14.423 [main] INFO  o.s.b.w.e.tomcat.TomcatWebServer - Tomcat initialized with port(s): 8081 (http)
21:20:14.525 [main] INFO  o.s.b.w.s.c.ServletWebServerApplicationContext - Root WebApplicationContext: initialization completed in 1590 ms
21:20:15.037 [main] INFO  o.s.o.j.p.SpringPersistenceUnitInfo - No LoadTimeWeaver setup: ignoring JPA class transformer
21:20:16.136 [main] INFO  o.s.o.j.LocalContainerEntityManagerFactoryBean - Initialized JPA EntityManagerFactory for persistence unit 'default'
21:20:16.180 [main] INFO  b.d.j.m.i.c.p.e.NoReplyEmailProperties - NoReplyEmailProperties{host='smtp.gmail.com', port=587, username='sardinha.jorge@gmail.com'}
21:20:16.989 [main] INFO  o.s.d.j.r.query.QueryEnhancerFactory - Hibernate is in classpath; If applicable, HQL parser will be used.
21:20:17.365 [main] INFO  b.d.j.m.i.c.p.amqp.QueueProperties - QueueProperties{exchange='user.events', routingKey='email.confirmation', queue='email.confirmation.queue'}
21:20:18.049 [main] INFO  o.s.b.a.e.web.EndpointLinksResolver - Exposing 1 endpoint(s) beneath base path '/actuator'
21:20:18.158 [main] INFO  o.s.s.web.DefaultSecurityFilterChain - Will secure any request with [org.springframework.security.web.session.DisableEncodeUrlFilter@24c186cc, org.springframework.security.web.context.request.async.WebAsyncManagerIntegrationFilter@17c373d3, org.springframework.security.web.context.SecurityContextHolderFilter@55623ed5, org.springframework.security.web.header.HeaderWriterFilter@2dadadd9, org.springframework.security.web.authentication.logout.LogoutFilter@7ccf845a, org.springframework.security.oauth2.server.resource.web.authentication.BearerTokenAuthenticationFilter@5073b0b8, org.springframework.security.web.savedrequest.RequestCacheAwareFilter@6a3a3b93, org.springframework.security.web.servletapi.SecurityContextHolderAwareRequestFilter@50f71f48, org.springframework.security.web.authentication.AnonymousAuthenticationFilter@5a78e7e3, org.springframework.security.web.session.SessionManagementFilter@1a35f99a, org.springframework.security.web.access.ExceptionTranslationFilter@5008c5a, org.springframework.security.web.access.intercept.AuthorizationFilter@472d7ab0]
21:20:18.630 [main] INFO  o.s.b.w.e.tomcat.TomcatWebServer - Tomcat started on port(s): 8081 (http) with context path ''
21:20:18.633 [main] INFO  o.s.a.r.c.CachingConnectionFactory - Attempting to connect to: [localhost:5672]
21:20:18.676 [main] INFO  o.s.a.r.c.CachingConnectionFactory - Created new connection: rabbitConnectionFactory#16454a28:0/SimpleConnection@59bedf4d [delegate=amqp://mobilplan@127.0.0.1:5672/, localPort=54742]
21:20:18.720 [main] INFO  br.dev.jstec.mobilplan.Application - Started Application in 6.26 seconds (process running for 6.811)
21:20:19.122 [RMI TCP Connection(4)-192.168.0.100] INFO  o.s.web.servlet.DispatcherServlet - Initializing Servlet 'dispatcherServlet'
21:20:19.124 [RMI TCP Connection(4)-192.168.0.100] INFO  o.s.web.servlet.DispatcherServlet - Completed initialization in 2 ms
21:20:25.451 [http-nio-8081-exec-1] INFO  b.d.j.m.i.r.c.u.UsuarioController - Buscando usuário pelo id: 42fad197-9815-4540-a3aa-7d379bba0a20
21:20:51.721 [emailConfirmationListener-2] INFO  o.s.a.r.l.SimpleMessageListenerContainer - Waiting for workers to finish.
21:20:51.927 [emailConfirmationListener-2] INFO  o.s.a.r.l.SimpleMessageListenerContainer - Successfully waited for workers to finish.
21:20:51.949 [SpringApplicationShutdownHook] INFO  o.s.o.j.LocalContainerEntityManagerFactoryBean - Closing JPA EntityManagerFactory for persistence unit 'default'
21:26:07.115 [main] INFO  br.dev.jstec.mobilplan.Application - Starting Application using Java 18.0.2 with PID 7680 (C:\Projetos\Mobilplan\mobilplan-back\build\classes\java\main started by Jorge Nascimento in C:\Projetos\Mobilplan\mobilplan-back)
21:26:07.117 [main] DEBUG br.dev.jstec.mobilplan.Application - Running with Spring Boot v3.1.3, Spring v6.0.11
21:26:07.117 [main] INFO  br.dev.jstec.mobilplan.Application - The following 1 profile is active: "dev"
21:26:08.042 [main] INFO  o.s.d.r.c.RepositoryConfigurationDelegate - Bootstrapping Spring Data JPA repositories in DEFAULT mode.
21:26:08.102 [main] INFO  o.s.d.r.c.RepositoryConfigurationDelegate - Finished Spring Data repository scanning in 53 ms. Found 3 JPA repository interfaces.
21:26:08.681 [main] INFO  o.s.b.w.e.tomcat.TomcatWebServer - Tomcat initialized with port(s): 8081 (http)
21:26:08.783 [main] INFO  o.s.b.w.s.c.ServletWebServerApplicationContext - Root WebApplicationContext: initialization completed in 1633 ms
21:26:09.332 [main] INFO  o.s.o.j.p.SpringPersistenceUnitInfo - No LoadTimeWeaver setup: ignoring JPA class transformer
21:26:10.464 [main] INFO  o.s.o.j.LocalContainerEntityManagerFactoryBean - Initialized JPA EntityManagerFactory for persistence unit 'default'
21:26:10.504 [main] INFO  b.d.j.m.i.c.p.e.NoReplyEmailProperties - NoReplyEmailProperties{host='smtp.gmail.com', port=587, username='sardinha.jorge@gmail.com'}
21:26:11.305 [main] INFO  o.s.d.j.r.query.QueryEnhancerFactory - Hibernate is in classpath; If applicable, HQL parser will be used.
21:26:11.695 [main] INFO  b.d.j.m.i.c.p.amqp.QueueProperties - QueueProperties{exchange='user.events', routingKey='email.confirmation', queue='email.confirmation.queue'}
21:26:12.404 [main] INFO  o.s.b.a.e.web.EndpointLinksResolver - Exposing 1 endpoint(s) beneath base path '/actuator'
21:26:12.512 [main] INFO  o.s.s.web.DefaultSecurityFilterChain - Will secure any request with [org.springframework.security.web.session.DisableEncodeUrlFilter@28736857, org.springframework.security.web.context.request.async.WebAsyncManagerIntegrationFilter@5073b0b8, org.springframework.security.web.context.SecurityContextHolderFilter@1a35f99a, org.springframework.security.web.header.HeaderWriterFilter@64ec804f, org.springframework.security.web.authentication.logout.LogoutFilter@1940cb2b, org.springframework.security.oauth2.server.resource.web.authentication.BearerTokenAuthenticationFilter@23bc69a1, org.springframework.security.web.savedrequest.RequestCacheAwareFilter@10055e52, org.springframework.security.web.servletapi.SecurityContextHolderAwareRequestFilter@55623ed5, org.springframework.security.web.authentication.AnonymousAuthenticationFilter@10c23a76, org.springframework.security.web.session.SessionManagementFilter@373636f3, org.springframework.security.web.access.ExceptionTranslationFilter@1569e9d7, org.springframework.security.web.access.intercept.AuthorizationFilter@42775280]
21:26:12.992 [main] INFO  o.s.b.w.e.tomcat.TomcatWebServer - Tomcat started on port(s): 8081 (http) with context path ''
21:26:12.995 [main] INFO  o.s.a.r.c.CachingConnectionFactory - Attempting to connect to: [localhost:5672]
21:26:13.038 [main] INFO  o.s.a.r.c.CachingConnectionFactory - Created new connection: rabbitConnectionFactory#16454a28:0/SimpleConnection@1d904637 [delegate=amqp://mobilplan@127.0.0.1:5672/, localPort=54851]
21:26:13.074 [main] INFO  br.dev.jstec.mobilplan.Application - Started Application in 6.398 seconds (process running for 6.941)
21:26:13.370 [RMI TCP Connection(1)-192.168.0.100] INFO  o.s.web.servlet.DispatcherServlet - Initializing Servlet 'dispatcherServlet'
21:26:13.373 [RMI TCP Connection(1)-192.168.0.100] INFO  o.s.web.servlet.DispatcherServlet - Completed initialization in 2 ms
21:27:38.451 [emailConfirmationListener-2] INFO  o.s.a.r.l.SimpleMessageListenerContainer - Waiting for workers to finish.
21:27:38.749 [emailConfirmationListener-2] INFO  o.s.a.r.l.SimpleMessageListenerContainer - Successfully waited for workers to finish.
21:27:38.772 [SpringApplicationShutdownHook] INFO  o.s.o.j.LocalContainerEntityManagerFactoryBean - Closing JPA EntityManagerFactory for persistence unit 'default'
21:31:46.168 [main] INFO  br.dev.jstec.mobilplan.Application - Starting Application using Java 18.0.2 with PID 12624 (C:\Projetos\Mobilplan\mobilplan-back\build\classes\java\main started by Jorge Nascimento in C:\Projetos\Mobilplan\mobilplan-back)
21:31:46.169 [main] DEBUG br.dev.jstec.mobilplan.Application - Running with Spring Boot v3.1.3, Spring v6.0.11
21:31:46.170 [main] INFO  br.dev.jstec.mobilplan.Application - The following 1 profile is active: "dev"
21:31:47.130 [main] INFO  o.s.d.r.c.RepositoryConfigurationDelegate - Bootstrapping Spring Data JPA repositories in DEFAULT mode.
21:31:47.185 [main] INFO  o.s.d.r.c.RepositoryConfigurationDelegate - Finished Spring Data repository scanning in 49 ms. Found 3 JPA repository interfaces.
21:31:47.726 [main] INFO  o.s.b.w.e.tomcat.TomcatWebServer - Tomcat initialized with port(s): 8081 (http)
21:31:47.825 [main] INFO  o.s.b.w.s.c.ServletWebServerApplicationContext - Root WebApplicationContext: initialization completed in 1621 ms
21:31:48.333 [main] INFO  o.s.o.j.p.SpringPersistenceUnitInfo - No LoadTimeWeaver setup: ignoring JPA class transformer
21:31:49.468 [main] INFO  o.s.o.j.LocalContainerEntityManagerFactoryBean - Initialized JPA EntityManagerFactory for persistence unit 'default'
21:31:49.512 [main] INFO  b.d.j.m.i.c.p.e.NoReplyEmailProperties - NoReplyEmailProperties{host='smtp.gmail.com', port=587, username='sardinha.jorge@gmail.com'}
21:31:50.339 [main] INFO  o.s.d.j.r.query.QueryEnhancerFactory - Hibernate is in classpath; If applicable, HQL parser will be used.
21:31:50.721 [main] INFO  b.d.j.m.i.c.p.amqp.QueueProperties - QueueProperties{exchange='user.events', routingKey='email.confirmation', queue='email.confirmation.queue'}
21:31:51.416 [main] INFO  o.s.b.a.e.web.EndpointLinksResolver - Exposing 1 endpoint(s) beneath base path '/actuator'
21:31:51.525 [main] INFO  o.s.s.web.DefaultSecurityFilterChain - Will secure any request with [org.springframework.security.web.session.DisableEncodeUrlFilter@23bc69a1, org.springframework.security.web.context.request.async.WebAsyncManagerIntegrationFilter@463e413b, org.springframework.security.web.context.SecurityContextHolderFilter@2ca413f6, org.springframework.security.web.header.HeaderWriterFilter@1569e9d7, org.springframework.security.web.authentication.logout.LogoutFilter@4fde13d0, org.springframework.security.oauth2.server.resource.web.authentication.BearerTokenAuthenticationFilter@58f6dab9, org.springframework.security.web.savedrequest.RequestCacheAwareFilter@1a35f99a, org.springframework.security.web.servletapi.SecurityContextHolderAwareRequestFilter@1c32c581, org.springframework.security.web.authentication.AnonymousAuthenticationFilter@28736857, org.springframework.security.web.session.SessionManagementFilter@296c6cc1, org.springframework.security.web.access.ExceptionTranslationFilter@1653cc95, org.springframework.security.web.access.intercept.AuthorizationFilter@16db679e]
21:31:52.020 [main] INFO  o.s.b.w.e.tomcat.TomcatWebServer - Tomcat started on port(s): 8081 (http) with context path ''
21:31:52.023 [main] INFO  o.s.a.r.c.CachingConnectionFactory - Attempting to connect to: [localhost:5672]
21:31:52.067 [main] INFO  o.s.a.r.c.CachingConnectionFactory - Created new connection: rabbitConnectionFactory#3a2e8c6a:0/SimpleConnection@7f3964b0 [delegate=amqp://mobilplan@127.0.0.1:5672/, localPort=54933]
21:31:52.103 [main] INFO  br.dev.jstec.mobilplan.Application - Started Application in 6.378 seconds (process running for 6.932)
21:31:52.366 [RMI TCP Connection(2)-192.168.0.100] INFO  o.s.web.servlet.DispatcherServlet - Initializing Servlet 'dispatcherServlet'
21:31:52.369 [RMI TCP Connection(2)-192.168.0.100] INFO  o.s.web.servlet.DispatcherServlet - Completed initialization in 3 ms
21:32:52.141 [emailConfirmationListener-2] INFO  o.s.a.r.l.SimpleMessageListenerContainer - Waiting for workers to finish.
21:32:52.597 [emailConfirmationListener-2] INFO  o.s.a.r.l.SimpleMessageListenerContainer - Successfully waited for workers to finish.
21:32:52.619 [SpringApplicationShutdownHook] INFO  o.s.o.j.LocalContainerEntityManagerFactoryBean - Closing JPA EntityManagerFactory for persistence unit 'default'
